2016-06-03 13:38:04 Error: [Cake\Datasource\Exception\InvalidPrimaryKeyException] Record not found in table "users" with primary key [NULL]
Request URL: /cakephp326/users/view
Stack Trace:
#0 E:\wamp\www\cakephp326\src\Controller\UsersController.php(38): Cake\ORM\Table->get(NULL, Array)
#1 [internal function]: App\Controller\UsersController->view()
#2 E:\wamp\www\cakephp326\vendor\cakephp\cakephp\src\Controller\Controller.php(429): call_user_func_array(Array, Array)
#3 E:\wamp\www\cakephp326\vendor\cakephp\cakephp\src\Routing\Dispatcher.php(114): Cake\Controller\Controller->invokeAction()
#4 E:\wamp\www\cakephp326\vendor\cakephp\cakephp\src\Routing\Dispatcher.php(87): Cake\Routing\Dispatcher->_invoke(Object(App\Controller\UsersController))
#5 E:\wamp\www\cakephp326\webroot\index.php(37): Cake\Routing\Dispatcher->dispatch(Object(Cake\Network\Request), Object(Cake\Network\Response))
#6 {main}


2016-06-03 13:47:19 Error: [Cake\Routing\Exception\MissingControllerException] Controller class Add could not be found.
Exception Attributes: array (
  'class' => 'Add',
  'plugin' => NULL,
  'prefix' => NULL,
  '_ext' => NULL,
)
Request URL: /cakephp326/add/
Stack Trace:
#0 E:\wamp\www\cakephp326\webroot\index.php(37): Cake\Routing\Dispatcher->dispatch(Object(Cake\Network\Request), Object(Cake\Network\Response))
#1 {main}


2016-06-03 13:53:51 Error: [Cake\Datasource\Exception\InvalidPrimaryKeyException] Record not found in table "users" with primary key [NULL]
Request URL: /cakephp326/users/view
Stack Trace:
#0 E:\wamp\www\cakephp326\src\Controller\UsersController.php(38): Cake\ORM\Table->get(NULL, Array)
#1 [internal function]: App\Controller\UsersController->view()
#2 E:\wamp\www\cakephp326\vendor\cakephp\cakephp\src\Controller\Controller.php(429): call_user_func_array(Array, Array)
#3 E:\wamp\www\cakephp326\vendor\cakephp\cakephp\src\Routing\Dispatcher.php(114): Cake\Controller\Controller->invokeAction()
#4 E:\wamp\www\cakephp326\vendor\cakephp\cakephp\src\Routing\Dispatcher.php(87): Cake\Routing\Dispatcher->_invoke(Object(App\Controller\UsersController))
#5 E:\wamp\www\cakephp326\webroot\index.php(37): Cake\Routing\Dispatcher->dispatch(Object(Cake\Network\Request), Object(Cake\Network\Response))
#6 {main}


2016-06-03 13:57:49 Error: [Cake\Routing\Exception\MissingControllerException] Controller class Add could not be found.
Exception Attributes: array (
  'class' => 'Add',
  'plugin' => NULL,
  'prefix' => NULL,
  '_ext' => NULL,
)
Request URL: /cakephp326/add/
Stack Trace:
#0 E:\wamp\www\cakephp326\webroot\index.php(37): Cake\Routing\Dispatcher->dispatch(Object(Cake\Network\Request), Object(Cake\Network\Response))
#1 {main}


2016-06-08 09:35:08 Error: [Cake\Routing\Exception\MissingControllerException] Controller class Login could not be found.
Exception Attributes: array (
  'class' => 'Login',
  'plugin' => NULL,
  'prefix' => NULL,
  '_ext' => NULL,
)
Request URL: /cakephp326/login/
Stack Trace:
#0 E:\wamp\www\cakephp326\webroot\index.php(37): Cake\Routing\Dispatcher->dispatch(Object(Cake\Network\Request), Object(Cake\Network\Response))
#1 {main}


2016-06-08 09:43:47 Error: [Cake\Controller\Exception\MissingActionException] Action UsersController::login() could not be found, or is not accessible.
Exception Attributes: array (
  'controller' => 'UsersController',
  'action' => 'login',
  'prefix' => '',
  'plugin' => NULL,
)
Request URL: /cakephp326/users/login
Referer URL: http://localhost/cakephp326/users/add
Stack Trace:
#0 E:\wamp\www\cakephp326\vendor\cakephp\cakephp\src\Routing\Dispatcher.php(114): Cake\Controller\Controller->invokeAction()
#1 E:\wamp\www\cakephp326\vendor\cakephp\cakephp\src\Routing\Dispatcher.php(87): Cake\Routing\Dispatcher->_invoke(Object(App\Controller\UsersController))
#2 E:\wamp\www\cakephp326\webroot\index.php(37): Cake\Routing\Dispatcher->dispatch(Object(Cake\Network\Request), Object(Cake\Network\Response))
#3 {main}


2016-06-08 10:23:17 Warning: Warning (4096): Argument 1 passed to App\Controller\UsersController::beforeFilter() must be an instance of App\Controller\Event, instance of Cake\Event\Event given, called in E:\wamp\www\cakephp326\vendor\cakephp\cakephp\src\Event\EventManager.php on line 386 and defined in [E:\wamp\www\cakephp326\src\Controller\UsersController.php, line 110]
Request URL: /cakephp326/users/login
Trace:
Cake\Error\BaseErrorHandler::handleError() - CORE\src\Error\BaseErrorHandler.php, line 146
App\Controller\UsersController::beforeFilter() - APP/Controller\UsersController.php, line 110
Cake\Event\EventManager::_callListener() - CORE\src\Event\EventManager.php, line 386
Cake\Event\EventManager::dispatch() - CORE\src\Event\EventManager.php, line 356
Cake\Controller\Controller::dispatchEvent() - CORE\src\Event\EventDispatcherTrait.php, line 78
Cake\Controller\Controller::startupProcess() - CORE\src\Controller\Controller.php, line 491
Cake\Routing\Dispatcher::_invoke() - CORE\src\Routing\Dispatcher.php, line 109
Cake\Routing\Dispatcher::dispatch() - CORE\src\Routing\Dispatcher.php, line 87
[main] - ROOT\webroot\index.php, line 37



2016-06-08 10:23:17 Error: [Cake\View\Exception\MissingTemplateException] Template file "Users\login.ctp" is missing.
Exception Attributes: array (
  'file' => 'Users\\login.ctp',
)
Request URL: /cakephp326/users/login
Stack Trace:
#0 E:\wamp\www\cakephp326\vendor\cakephp\cakephp\src\View\View.php(584): Cake\View\View->_getViewFileName(NULL)
#1 E:\wamp\www\cakephp326\vendor\cakephp\cakephp\src\Controller\Controller.php(611): Cake\View\View->render(NULL, NULL)
#2 E:\wamp\www\cakephp326\vendor\cakephp\cakephp\src\Routing\Dispatcher.php(120): Cake\Controller\Controller->render()
#3 E:\wamp\www\cakephp326\vendor\cakephp\cakephp\src\Routing\Dispatcher.php(87): Cake\Routing\Dispatcher->_invoke(Object(App\Controller\UsersController))
#4 E:\wamp\www\cakephp326\webroot\index.php(37): Cake\Routing\Dispatcher->dispatch(Object(Cake\Network\Request), Object(Cake\Network\Response))
#5 {main}


2016-06-08 10:23:18 Warning: Warning (4096): Argument 1 passed to App\Controller\UsersController::beforeFilter() must be an instance of App\Controller\Event, instance of Cake\Event\Event given, called in E:\wamp\www\cakephp326\vendor\cakephp\cakephp\src\Event\EventManager.php on line 386 and defined in [E:\wamp\www\cakephp326\src\Controller\UsersController.php, line 110]
Request URL: /cakephp326/users/login
Trace:
Cake\Error\BaseErrorHandler::handleError() - CORE\src\Error\BaseErrorHandler.php, line 146
App\Controller\UsersController::beforeFilter() - APP/Controller\UsersController.php, line 110
Cake\Event\EventManager::_callListener() - CORE\src\Event\EventManager.php, line 386
Cake\Event\EventManager::dispatch() - CORE\src\Event\EventManager.php, line 356
Cake\Controller\Controller::dispatchEvent() - CORE\src\Event\EventDispatcherTrait.php, line 78
Cake\Controller\Controller::startupProcess() - CORE\src\Controller\Controller.php, line 491
Cake\Routing\Dispatcher::_invoke() - CORE\src\Routing\Dispatcher.php, line 109
Cake\Routing\Dispatcher::dispatch() - CORE\src\Routing\Dispatcher.php, line 87
[main] - ROOT\webroot\index.php, line 37



2016-06-08 10:23:18 Error: [Cake\View\Exception\MissingTemplateException] Template file "Users\login.ctp" is missing.
Exception Attributes: array (
  'file' => 'Users\\login.ctp',
)
Request URL: /cakephp326/users/login
Stack Trace:
#0 E:\wamp\www\cakephp326\vendor\cakephp\cakephp\src\View\View.php(584): Cake\View\View->_getViewFileName(NULL)
#1 E:\wamp\www\cakephp326\vendor\cakephp\cakephp\src\Controller\Controller.php(611): Cake\View\View->render(NULL, NULL)
#2 E:\wamp\www\cakephp326\vendor\cakephp\cakephp\src\Routing\Dispatcher.php(120): Cake\Controller\Controller->render()
#3 E:\wamp\www\cakephp326\vendor\cakephp\cakephp\src\Routing\Dispatcher.php(87): Cake\Routing\Dispatcher->_invoke(Object(App\Controller\UsersController))
#4 E:\wamp\www\cakephp326\webroot\index.php(37): Cake\Routing\Dispatcher->dispatch(Object(Cake\Network\Request), Object(Cake\Network\Response))
#5 {main}


2016-06-08 10:23:26 Warning: Warning (4096): Argument 1 passed to App\Controller\UsersController::beforeFilter() must be an instance of App\Controller\Event, instance of Cake\Event\Event given, called in E:\wamp\www\cakephp326\vendor\cakephp\cakephp\src\Event\EventManager.php on line 386 and defined in [E:\wamp\www\cakephp326\src\Controller\UsersController.php, line 110]
Request URL: /cakephp326/users/
Trace:
Cake\Error\BaseErrorHandler::handleError() - CORE\src\Error\BaseErrorHandler.php, line 146
App\Controller\UsersController::beforeFilter() - APP/Controller\UsersController.php, line 110
Cake\Event\EventManager::_callListener() - CORE\src\Event\EventManager.php, line 386
Cake\Event\EventManager::dispatch() - CORE\src\Event\EventManager.php, line 356
Cake\Controller\Controller::dispatchEvent() - CORE\src\Event\EventDispatcherTrait.php, line 78
Cake\Controller\Controller::startupProcess() - CORE\src\Controller\Controller.php, line 491
Cake\Routing\Dispatcher::_invoke() - CORE\src\Routing\Dispatcher.php, line 109
Cake\Routing\Dispatcher::dispatch() - CORE\src\Routing\Dispatcher.php, line 87
[main] - ROOT\webroot\index.php, line 37



2016-06-08 10:42:19 Error: Fatal Error (1): Class 'App\Model\Entity\DefaultPasswordHasher' not found in [E:\wamp\www\cakephp326\src\Model\Entity\User.php, line 39]
Request URL: /cakephp326/users/add
Referer URL: http://localhost/cakephp326/users/add
Trace:
Cake\Error\BaseErrorHandler::handleFatalError() - CORE\src\Error\BaseErrorHandler.php, line 215
Cake\Error\BaseErrorHandler::Cake\Error\{closure}() - CORE\src\Error\BaseErrorHandler.php, line 98
[main] - [internal], line ??



2016-06-08 10:42:20 Error: [Cake\Error\FatalErrorException] Class 'App\Model\Entity\DefaultPasswordHasher' not found
Request URL: /cakephp326/users/add
Referer URL: http://localhost/cakephp326/users/add
Stack Trace:
#0 E:\wamp\www\cakephp326\vendor\cakephp\cakephp\src\Error\BaseErrorHandler.php(98): Cake\Error\BaseErrorHandler->handleFatalError(1, 'Class 'App\\Mode...', 'E:\\wamp\\www\\cak...', 39)
#1 [internal function]: Cake\Error\BaseErrorHandler->Cake\Error\{closure}()
#2 {main}


2016-06-08 10:44:09 Warning: Warning (4096): Argument 1 passed to App\Controller\UsersController::beforeFilter() must be an instance of App\Controller\Event, instance of Cake\Event\Event given, called in E:\wamp\www\cakephp326\vendor\cakephp\cakephp\src\Event\EventManager.php on line 386 and defined in [E:\wamp\www\cakephp326\src\Controller\UsersController.php, line 110]
Request URL: /cakephp326/users/add
Trace:
Cake\Error\BaseErrorHandler::handleError() - CORE\src\Error\BaseErrorHandler.php, line 146
App\Controller\UsersController::beforeFilter() - APP/Controller\UsersController.php, line 110
Cake\Event\EventManager::_callListener() - CORE\src\Event\EventManager.php, line 386
Cake\Event\EventManager::dispatch() - CORE\src\Event\EventManager.php, line 356
Cake\Controller\Controller::dispatchEvent() - CORE\src\Event\EventDispatcherTrait.php, line 78
Cake\Controller\Controller::startupProcess() - CORE\src\Controller\Controller.php, line 491
Cake\Routing\Dispatcher::_invoke() - CORE\src\Routing\Dispatcher.php, line 109
Cake\Routing\Dispatcher::dispatch() - CORE\src\Routing\Dispatcher.php, line 87
[main] - ROOT\webroot\index.php, line 37



2016-06-08 10:44:09 Error: Fatal Error (1): Call to a member function allow() on a non-object in [E:\wamp\www\cakephp326\src\Controller\UsersController.php, line 116]
Request URL: /cakephp326/users/add
Trace:
Cake\Error\BaseErrorHandler::handleFatalError() - CORE\src\Error\BaseErrorHandler.php, line 215
Cake\Error\BaseErrorHandler::Cake\Error\{closure}() - CORE\src\Error\BaseErrorHandler.php, line 98
[main] - [internal], line ??



2016-06-08 10:44:09 Error: [Cake\Error\FatalErrorException] Call to a member function allow() on a non-object
Request URL: /cakephp326/users/add
Stack Trace:
#0 E:\wamp\www\cakephp326\vendor\cakephp\cakephp\src\Error\BaseErrorHandler.php(98): Cake\Error\BaseErrorHandler->handleFatalError(1, 'Call to a membe...', 'E:\\wamp\\www\\cak...', 116)
#1 [internal function]: Cake\Error\BaseErrorHandler->Cake\Error\{closure}()
#2 {main}


2016-06-08 10:44:09 Warning: Warning (4096): Argument 1 passed to App\Controller\UsersController::beforeFilter() must be an instance of App\Controller\Event, instance of Cake\Event\Event given, called in E:\wamp\www\cakephp326\vendor\cakephp\cakephp\src\Event\EventManager.php on line 386 and defined in [E:\wamp\www\cakephp326\src\Controller\UsersController.php, line 110]
Request URL: /cakephp326/users/add
Trace:
Cake\Error\BaseErrorHandler::handleError() - CORE\src\Error\BaseErrorHandler.php, line 146
App\Controller\UsersController::beforeFilter() - APP/Controller\UsersController.php, line 110
Cake\Event\EventManager::_callListener() - CORE\src\Event\EventManager.php, line 386
Cake\Event\EventManager::dispatch() - CORE\src\Event\EventManager.php, line 356
Cake\Controller\Controller::dispatchEvent() - CORE\src\Event\EventDispatcherTrait.php, line 78
Cake\Controller\Controller::startupProcess() - CORE\src\Controller\Controller.php, line 491
Cake\Routing\Dispatcher::_invoke() - CORE\src\Routing\Dispatcher.php, line 109
Cake\Routing\Dispatcher::dispatch() - CORE\src\Routing\Dispatcher.php, line 87
[main] - ROOT\webroot\index.php, line 37



2016-06-08 10:44:09 Error: Fatal Error (1): Call to a member function allow() on a non-object in [E:\wamp\www\cakephp326\src\Controller\UsersController.php, line 116]
Request URL: /cakephp326/users/add
Trace:
Cake\Error\BaseErrorHandler::handleFatalError() - CORE\src\Error\BaseErrorHandler.php, line 215
Cake\Error\BaseErrorHandler::Cake\Error\{closure}() - CORE\src\Error\BaseErrorHandler.php, line 98
[main] - [internal], line ??



2016-06-08 10:44:10 Error: [Cake\Error\FatalErrorException] Call to a member function allow() on a non-object
Request URL: /cakephp326/users/add
Stack Trace:
#0 E:\wamp\www\cakephp326\vendor\cakephp\cakephp\src\Error\BaseErrorHandler.php(98): Cake\Error\BaseErrorHandler->handleFatalError(1, 'Call to a membe...', 'E:\\wamp\\www\\cak...', 116)
#1 [internal function]: Cake\Error\BaseErrorHandler->Cake\Error\{closure}()
#2 {main}


2016-06-08 10:45:47 Error: Fatal Error (1): Class 'App\Model\Entity\DefaultPasswordHasher' not found in [E:\wamp\www\cakephp326\src\Model\Entity\User.php, line 39]
Request URL: /cakephp326/users/add
Referer URL: http://localhost/cakephp326/users/add
Trace:
Cake\Error\BaseErrorHandler::handleFatalError() - CORE\src\Error\BaseErrorHandler.php, line 215
Cake\Error\BaseErrorHandler::Cake\Error\{closure}() - CORE\src\Error\BaseErrorHandler.php, line 98
[main] - [internal], line ??



2016-06-08 10:45:47 Error: [Cake\Error\FatalErrorException] Class 'App\Model\Entity\DefaultPasswordHasher' not found
Request URL: /cakephp326/users/add
Referer URL: http://localhost/cakephp326/users/add
Stack Trace:
#0 E:\wamp\www\cakephp326\vendor\cakephp\cakephp\src\Error\BaseErrorHandler.php(98): Cake\Error\BaseErrorHandler->handleFatalError(1, 'Class 'App\\Mode...', 'E:\\wamp\\www\\cak...', 39)
#1 [internal function]: Cake\Error\BaseErrorHandler->Cake\Error\{closure}()
#2 {main}


2016-06-08 10:49:42 Error: [Cake\Routing\Exception\MissingControllerException] Controller class Login could not be found.
Exception Attributes: array (
  'class' => 'Login',
  'plugin' => NULL,
  'prefix' => NULL,
  '_ext' => NULL,
)
Request URL: /cakephp326/login/
Stack Trace:
#0 E:\wamp\www\cakephp326\webroot\index.php(37): Cake\Routing\Dispatcher->dispatch(Object(Cake\Network\Request), Object(Cake\Network\Response))
#1 {main}


2016-06-08 10:53:58 Error: [Cake\Routing\Exception\MissingControllerException] Controller class User could not be found.
Exception Attributes: array (
  'class' => 'User',
  'plugin' => NULL,
  'prefix' => NULL,
  '_ext' => NULL,
)
Request URL: /cakephp326//user/login/
Stack Trace:
#0 E:\wamp\www\cakephp326\webroot\index.php(37): Cake\Routing\Dispatcher->dispatch(Object(Cake\Network\Request), Object(Cake\Network\Response))
#1 {main}


2016-06-08 10:54:26 Error: Fatal Error (1): Call to a member function identify() on a non-object in [E:\wamp\www\cakephp326\src\Controller\UsersController.php, line 123]
Request URL: /cakephp326/users/login/
Referer URL: http://localhost/cakephp326/users/login/
Trace:
Cake\Error\BaseErrorHandler::handleFatalError() - CORE\src\Error\BaseErrorHandler.php, line 215
Cake\Error\BaseErrorHandler::Cake\Error\{closure}() - CORE\src\Error\BaseErrorHandler.php, line 98
[main] - [internal], line ??



2016-06-08 10:54:26 Error: [Cake\Error\FatalErrorException] Call to a member function identify() on a non-object
Request URL: /cakephp326/users/login/
Referer URL: http://localhost/cakephp326/users/login/
Stack Trace:
#0 E:\wamp\www\cakephp326\vendor\cakephp\cakephp\src\Error\BaseErrorHandler.php(98): Cake\Error\BaseErrorHandler->handleFatalError(1, 'Call to a membe...', 'E:\\wamp\\www\\cak...', 123)
#1 [internal function]: Cake\Error\BaseErrorHandler->Cake\Error\{closure}()
#2 {main}


2016-06-08 12:14:51 Warning: Warning (4096): Argument 1 passed to App\Controller\UsersController::beforeFilter() must be an instance of App\Controller\Event, instance of Cake\Event\Event given, called in E:\wamp\www\cakephp326\vendor\cakephp\cakephp\src\Event\EventManager.php on line 386 and defined in [E:\wamp\www\cakephp326\src\Controller\UsersController.php, line 110]
Request URL: /cakephp326/users/login
Trace:
Cake\Error\BaseErrorHandler::handleError() - CORE\src\Error\BaseErrorHandler.php, line 146
App\Controller\UsersController::beforeFilter() - APP/Controller\UsersController.php, line 110
Cake\Event\EventManager::_callListener() - CORE\src\Event\EventManager.php, line 386
Cake\Event\EventManager::dispatch() - CORE\src\Event\EventManager.php, line 356
Cake\Controller\Controller::dispatchEvent() - CORE\src\Event\EventDispatcherTrait.php, line 78
Cake\Controller\Controller::startupProcess() - CORE\src\Controller\Controller.php, line 491
Cake\Routing\Dispatcher::_invoke() - CORE\src\Routing\Dispatcher.php, line 109
Cake\Routing\Dispatcher::dispatch() - CORE\src\Routing\Dispatcher.php, line 87
[main] - ROOT\webroot\index.php, line 37



2016-06-08 12:14:52 Warning: Warning (4096): Argument 1 passed to App\Controller\UsersController::beforeFilter() must be an instance of App\Controller\Event, instance of Cake\Event\Event given, called in E:\wamp\www\cakephp326\vendor\cakephp\cakephp\src\Event\EventManager.php on line 386 and defined in [E:\wamp\www\cakephp326\src\Controller\UsersController.php, line 110]
Request URL: /cakephp326/users/login
Trace:
Cake\Error\BaseErrorHandler::handleError() - CORE\src\Error\BaseErrorHandler.php, line 146
App\Controller\UsersController::beforeFilter() - APP/Controller\UsersController.php, line 110
Cake\Event\EventManager::_callListener() - CORE\src\Event\EventManager.php, line 386
Cake\Event\EventManager::dispatch() - CORE\src\Event\EventManager.php, line 356
Cake\Controller\Controller::dispatchEvent() - CORE\src\Event\EventDispatcherTrait.php, line 78
Cake\Controller\Controller::startupProcess() - CORE\src\Controller\Controller.php, line 491
Cake\Routing\Dispatcher::_invoke() - CORE\src\Routing\Dispatcher.php, line 109
Cake\Routing\Dispatcher::dispatch() - CORE\src\Routing\Dispatcher.php, line 87
[main] - ROOT\webroot\index.php, line 37



2016-06-08 12:14:59 Warning: Warning (4096): Argument 1 passed to App\Controller\UsersController::beforeFilter() must be an instance of App\Controller\Event, instance of Cake\Event\Event given, called in E:\wamp\www\cakephp326\vendor\cakephp\cakephp\src\Event\EventManager.php on line 386 and defined in [E:\wamp\www\cakephp326\src\Controller\UsersController.php, line 110]
Request URL: /cakephp326/users/add
Trace:
Cake\Error\BaseErrorHandler::handleError() - CORE\src\Error\BaseErrorHandler.php, line 146
App\Controller\UsersController::beforeFilter() - APP/Controller\UsersController.php, line 110
Cake\Event\EventManager::_callListener() - CORE\src\Event\EventManager.php, line 386
Cake\Event\EventManager::dispatch() - CORE\src\Event\EventManager.php, line 356
Cake\Controller\Controller::dispatchEvent() - CORE\src\Event\EventDispatcherTrait.php, line 78
Cake\Controller\Controller::startupProcess() - CORE\src\Controller\Controller.php, line 491
Cake\Routing\Dispatcher::_invoke() - CORE\src\Routing\Dispatcher.php, line 109
Cake\Routing\Dispatcher::dispatch() - CORE\src\Routing\Dispatcher.php, line 87
[main] - ROOT\webroot\index.php, line 37



2016-06-08 12:15:00 Warning: Warning (4096): Argument 1 passed to App\Controller\UsersController::beforeFilter() must be an instance of App\Controller\Event, instance of Cake\Event\Event given, called in E:\wamp\www\cakephp326\vendor\cakephp\cakephp\src\Event\EventManager.php on line 386 and defined in [E:\wamp\www\cakephp326\src\Controller\UsersController.php, line 110]
Request URL: /cakephp326/users/add
Trace:
Cake\Error\BaseErrorHandler::handleError() - CORE\src\Error\BaseErrorHandler.php, line 146
App\Controller\UsersController::beforeFilter() - APP/Controller\UsersController.php, line 110
Cake\Event\EventManager::_callListener() - CORE\src\Event\EventManager.php, line 386
Cake\Event\EventManager::dispatch() - CORE\src\Event\EventManager.php, line 356
Cake\Controller\Controller::dispatchEvent() - CORE\src\Event\EventDispatcherTrait.php, line 78
Cake\Controller\Controller::startupProcess() - CORE\src\Controller\Controller.php, line 491
Cake\Routing\Dispatcher::_invoke() - CORE\src\Routing\Dispatcher.php, line 109
Cake\Routing\Dispatcher::dispatch() - CORE\src\Routing\Dispatcher.php, line 87
[main] - ROOT\webroot\index.php, line 37



2016-06-08 12:17:19 Warning: Warning (4096): Argument 1 passed to App\Controller\UsersController::beforeFilter() must be an instance of App\Controller\Event, instance of Cake\Event\Event given, called in E:\wamp\www\cakephp326\vendor\cakephp\cakephp\src\Event\EventManager.php on line 386 and defined in [E:\wamp\www\cakephp326\src\Controller\UsersController.php, line 110]
Request URL: /cakephp326/users/add
Trace:
Cake\Error\BaseErrorHandler::handleError() - CORE\src\Error\BaseErrorHandler.php, line 146
App\Controller\UsersController::beforeFilter() - APP/Controller\UsersController.php, line 110
Cake\Event\EventManager::_callListener() - CORE\src\Event\EventManager.php, line 386
Cake\Event\EventManager::dispatch() - CORE\src\Event\EventManager.php, line 356
Cake\Controller\Controller::dispatchEvent() - CORE\src\Event\EventDispatcherTrait.php, line 78
Cake\Controller\Controller::startupProcess() - CORE\src\Controller\Controller.php, line 491
Cake\Routing\Dispatcher::_invoke() - CORE\src\Routing\Dispatcher.php, line 109
Cake\Routing\Dispatcher::dispatch() - CORE\src\Routing\Dispatcher.php, line 87
[main] - ROOT\webroot\index.php, line 37



2016-06-08 12:17:20 Warning: Warning (4096): Argument 1 passed to App\Controller\UsersController::beforeFilter() must be an instance of App\Controller\Event, instance of Cake\Event\Event given, called in E:\wamp\www\cakephp326\vendor\cakephp\cakephp\src\Event\EventManager.php on line 386 and defined in [E:\wamp\www\cakephp326\src\Controller\UsersController.php, line 110]
Request URL: /cakephp326/users/add
Trace:
Cake\Error\BaseErrorHandler::handleError() - CORE\src\Error\BaseErrorHandler.php, line 146
App\Controller\UsersController::beforeFilter() - APP/Controller\UsersController.php, line 110
Cake\Event\EventManager::_callListener() - CORE\src\Event\EventManager.php, line 386
Cake\Event\EventManager::dispatch() - CORE\src\Event\EventManager.php, line 356
Cake\Controller\Controller::dispatchEvent() - CORE\src\Event\EventDispatcherTrait.php, line 78
Cake\Controller\Controller::startupProcess() - CORE\src\Controller\Controller.php, line 491
Cake\Routing\Dispatcher::_invoke() - CORE\src\Routing\Dispatcher.php, line 109
Cake\Routing\Dispatcher::dispatch() - CORE\src\Routing\Dispatcher.php, line 87
[main] - ROOT\webroot\index.php, line 37



2016-06-08 12:17:45 Warning: Warning (4096): Argument 1 passed to App\Controller\UsersController::beforeFilter() must be an instance of App\Controller\Event, instance of Cake\Event\Event given, called in E:\wamp\www\cakephp326\vendor\cakephp\cakephp\src\Event\EventManager.php on line 386 and defined in [E:\wamp\www\cakephp326\src\Controller\UsersController.php, line 110]
Request URL: /cakephp326/users/add
Trace:
Cake\Error\BaseErrorHandler::handleError() - CORE\src\Error\BaseErrorHandler.php, line 146
App\Controller\UsersController::beforeFilter() - APP/Controller\UsersController.php, line 110
Cake\Event\EventManager::_callListener() - CORE\src\Event\EventManager.php, line 386
Cake\Event\EventManager::dispatch() - CORE\src\Event\EventManager.php, line 356
Cake\Controller\Controller::dispatchEvent() - CORE\src\Event\EventDispatcherTrait.php, line 78
Cake\Controller\Controller::startupProcess() - CORE\src\Controller\Controller.php, line 491
Cake\Routing\Dispatcher::_invoke() - CORE\src\Routing\Dispatcher.php, line 109
Cake\Routing\Dispatcher::dispatch() - CORE\src\Routing\Dispatcher.php, line 87
[main] - ROOT\webroot\index.php, line 37



2016-06-08 12:17:46 Warning: Warning (4096): Argument 1 passed to App\Controller\UsersController::beforeFilter() must be an instance of App\Controller\Event, instance of Cake\Event\Event given, called in E:\wamp\www\cakephp326\vendor\cakephp\cakephp\src\Event\EventManager.php on line 386 and defined in [E:\wamp\www\cakephp326\src\Controller\UsersController.php, line 110]
Request URL: /cakephp326/users/add
Trace:
Cake\Error\BaseErrorHandler::handleError() - CORE\src\Error\BaseErrorHandler.php, line 146
App\Controller\UsersController::beforeFilter() - APP/Controller\UsersController.php, line 110
Cake\Event\EventManager::_callListener() - CORE\src\Event\EventManager.php, line 386
Cake\Event\EventManager::dispatch() - CORE\src\Event\EventManager.php, line 356
Cake\Controller\Controller::dispatchEvent() - CORE\src\Event\EventDispatcherTrait.php, line 78
Cake\Controller\Controller::startupProcess() - CORE\src\Controller\Controller.php, line 491
Cake\Routing\Dispatcher::_invoke() - CORE\src\Routing\Dispatcher.php, line 109
Cake\Routing\Dispatcher::dispatch() - CORE\src\Routing\Dispatcher.php, line 87
[main] - ROOT\webroot\index.php, line 37



2016-06-08 12:18:33 Warning: Warning (4096): Argument 1 passed to App\Controller\UsersController::beforeFilter() must be an instance of App\Controller\Event, instance of Cake\Event\Event given, called in E:\wamp\www\cakephp326\vendor\cakephp\cakephp\src\Event\EventManager.php on line 386 and defined in [E:\wamp\www\cakephp326\src\Controller\UsersController.php, line 110]
Request URL: /cakephp326/users/add
Referer URL: http://localhost/cakephp326/users/add
Trace:
Cake\Error\BaseErrorHandler::handleError() - CORE\src\Error\BaseErrorHandler.php, line 146
App\Controller\UsersController::beforeFilter() - APP/Controller\UsersController.php, line 110
Cake\Event\EventManager::_callListener() - CORE\src\Event\EventManager.php, line 386
Cake\Event\EventManager::dispatch() - CORE\src\Event\EventManager.php, line 356
Cake\Controller\Controller::dispatchEvent() - CORE\src\Event\EventDispatcherTrait.php, line 78
Cake\Controller\Controller::startupProcess() - CORE\src\Controller\Controller.php, line 491
Cake\Routing\Dispatcher::_invoke() - CORE\src\Routing\Dispatcher.php, line 109
Cake\Routing\Dispatcher::dispatch() - CORE\src\Routing\Dispatcher.php, line 87
[main] - ROOT\webroot\index.php, line 37



2016-06-08 12:19:06 Warning: Warning (4096): Argument 1 passed to App\Controller\UsersController::beforeFilter() must be an instance of App\Controller\Event, instance of Cake\Event\Event given, called in E:\wamp\www\cakephp326\vendor\cakephp\cakephp\src\Event\EventManager.php on line 386 and defined in [E:\wamp\www\cakephp326\src\Controller\UsersController.php, line 110]
Request URL: /cakephp326/users/view
Trace:
Cake\Error\BaseErrorHandler::handleError() - CORE\src\Error\BaseErrorHandler.php, line 146
App\Controller\UsersController::beforeFilter() - APP/Controller\UsersController.php, line 110
Cake\Event\EventManager::_callListener() - CORE\src\Event\EventManager.php, line 386
Cake\Event\EventManager::dispatch() - CORE\src\Event\EventManager.php, line 356
Cake\Controller\Controller::dispatchEvent() - CORE\src\Event\EventDispatcherTrait.php, line 78
Cake\Controller\Controller::startupProcess() - CORE\src\Controller\Controller.php, line 491
Cake\Routing\Dispatcher::_invoke() - CORE\src\Routing\Dispatcher.php, line 109
Cake\Routing\Dispatcher::dispatch() - CORE\src\Routing\Dispatcher.php, line 87
[main] - ROOT\webroot\index.php, line 37



2016-06-08 12:19:06 Error: [Cake\Datasource\Exception\InvalidPrimaryKeyException] Record not found in table "users" with primary key [NULL]
Request URL: /cakephp326/users/view
Stack Trace:
#0 E:\wamp\www\cakephp326\src\Controller\UsersController.php(38): Cake\ORM\Table->get(NULL, Array)
#1 [internal function]: App\Controller\UsersController->view()
#2 E:\wamp\www\cakephp326\vendor\cakephp\cakephp\src\Controller\Controller.php(429): call_user_func_array(Array, Array)
#3 E:\wamp\www\cakephp326\vendor\cakephp\cakephp\src\Routing\Dispatcher.php(114): Cake\Controller\Controller->invokeAction()
#4 E:\wamp\www\cakephp326\vendor\cakephp\cakephp\src\Routing\Dispatcher.php(87): Cake\Routing\Dispatcher->_invoke(Object(App\Controller\UsersController))
#5 E:\wamp\www\cakephp326\webroot\index.php(37): Cake\Routing\Dispatcher->dispatch(Object(Cake\Network\Request), Object(Cake\Network\Response))
#6 {main}


2016-06-08 12:19:07 Warning: Warning (4096): Argument 1 passed to App\Controller\UsersController::beforeFilter() must be an instance of App\Controller\Event, instance of Cake\Event\Event given, called in E:\wamp\www\cakephp326\vendor\cakephp\cakephp\src\Event\EventManager.php on line 386 and defined in [E:\wamp\www\cakephp326\src\Controller\UsersController.php, line 110]
Request URL: /cakephp326/users/view
Trace:
Cake\Error\BaseErrorHandler::handleError() - CORE\src\Error\BaseErrorHandler.php, line 146
App\Controller\UsersController::beforeFilter() - APP/Controller\UsersController.php, line 110
Cake\Event\EventManager::_callListener() - CORE\src\Event\EventManager.php, line 386
Cake\Event\EventManager::dispatch() - CORE\src\Event\EventManager.php, line 356
Cake\Controller\Controller::dispatchEvent() - CORE\src\Event\EventDispatcherTrait.php, line 78
Cake\Controller\Controller::startupProcess() - CORE\src\Controller\Controller.php, line 491
Cake\Routing\Dispatcher::_invoke() - CORE\src\Routing\Dispatcher.php, line 109
Cake\Routing\Dispatcher::dispatch() - CORE\src\Routing\Dispatcher.php, line 87
[main] - ROOT\webroot\index.php, line 37



2016-06-08 12:19:07 Error: [Cake\Datasource\Exception\InvalidPrimaryKeyException] Record not found in table "users" with primary key [NULL]
Request URL: /cakephp326/users/view
Stack Trace:
#0 E:\wamp\www\cakephp326\src\Controller\UsersController.php(38): Cake\ORM\Table->get(NULL, Array)
#1 [internal function]: App\Controller\UsersController->view()
#2 E:\wamp\www\cakephp326\vendor\cakephp\cakephp\src\Controller\Controller.php(429): call_user_func_array(Array, Array)
#3 E:\wamp\www\cakephp326\vendor\cakephp\cakephp\src\Routing\Dispatcher.php(114): Cake\Controller\Controller->invokeAction()
#4 E:\wamp\www\cakephp326\vendor\cakephp\cakephp\src\Routing\Dispatcher.php(87): Cake\Routing\Dispatcher->_invoke(Object(App\Controller\UsersController))
#5 E:\wamp\www\cakephp326\webroot\index.php(37): Cake\Routing\Dispatcher->dispatch(Object(Cake\Network\Request), Object(Cake\Network\Response))
#6 {main}


2016-06-08 12:19:20 Warning: Warning (4096): Argument 1 passed to App\Controller\UsersController::beforeFilter() must be an instance of App\Controller\Event, instance of Cake\Event\Event given, called in E:\wamp\www\cakephp326\vendor\cakephp\cakephp\src\Event\EventManager.php on line 386 and defined in [E:\wamp\www\cakephp326\src\Controller\UsersController.php, line 110]
Request URL: /cakephp326/users/
Trace:
Cake\Error\BaseErrorHandler::handleError() - CORE\src\Error\BaseErrorHandler.php, line 146
App\Controller\UsersController::beforeFilter() - APP/Controller\UsersController.php, line 110
Cake\Event\EventManager::_callListener() - CORE\src\Event\EventManager.php, line 386
Cake\Event\EventManager::dispatch() - CORE\src\Event\EventManager.php, line 356
Cake\Controller\Controller::dispatchEvent() - CORE\src\Event\EventDispatcherTrait.php, line 78
Cake\Controller\Controller::startupProcess() - CORE\src\Controller\Controller.php, line 491
Cake\Routing\Dispatcher::_invoke() - CORE\src\Routing\Dispatcher.php, line 109
Cake\Routing\Dispatcher::dispatch() - CORE\src\Routing\Dispatcher.php, line 87
[main] - ROOT\webroot\index.php, line 37



2016-06-08 12:19:47 Warning: Warning (4096): Argument 1 passed to App\Controller\UsersController::beforeFilter() must be an instance of App\Controller\Event, instance of Cake\Event\Event given, called in E:\wamp\www\cakephp326\vendor\cakephp\cakephp\src\Event\EventManager.php on line 386 and defined in [E:\wamp\www\cakephp326\src\Controller\UsersController.php, line 110]
Request URL: /cakephp326/users/view
Trace:
Cake\Error\BaseErrorHandler::handleError() - CORE\src\Error\BaseErrorHandler.php, line 146
App\Controller\UsersController::beforeFilter() - APP/Controller\UsersController.php, line 110
Cake\Event\EventManager::_callListener() - CORE\src\Event\EventManager.php, line 386
Cake\Event\EventManager::dispatch() - CORE\src\Event\EventManager.php, line 356
Cake\Controller\Controller::dispatchEvent() - CORE\src\Event\EventDispatcherTrait.php, line 78
Cake\Controller\Controller::startupProcess() - CORE\src\Controller\Controller.php, line 491
Cake\Routing\Dispatcher::_invoke() - CORE\src\Routing\Dispatcher.php, line 109
Cake\Routing\Dispatcher::dispatch() - CORE\src\Routing\Dispatcher.php, line 87
[main] - ROOT\webroot\index.php, line 37



2016-06-08 12:19:48 Error: [Cake\Datasource\Exception\InvalidPrimaryKeyException] Record not found in table "users" with primary key [NULL]
Request URL: /cakephp326/users/view
Stack Trace:
#0 E:\wamp\www\cakephp326\src\Controller\UsersController.php(38): Cake\ORM\Table->get(NULL, Array)
#1 [internal function]: App\Controller\UsersController->view()
#2 E:\wamp\www\cakephp326\vendor\cakephp\cakephp\src\Controller\Controller.php(429): call_user_func_array(Array, Array)
#3 E:\wamp\www\cakephp326\vendor\cakephp\cakephp\src\Routing\Dispatcher.php(114): Cake\Controller\Controller->invokeAction()
#4 E:\wamp\www\cakephp326\vendor\cakephp\cakephp\src\Routing\Dispatcher.php(87): Cake\Routing\Dispatcher->_invoke(Object(App\Controller\UsersController))
#5 E:\wamp\www\cakephp326\webroot\index.php(37): Cake\Routing\Dispatcher->dispatch(Object(Cake\Network\Request), Object(Cake\Network\Response))
#6 {main}


2016-06-08 12:19:48 Warning: Warning (4096): Argument 1 passed to App\Controller\UsersController::beforeFilter() must be an instance of App\Controller\Event, instance of Cake\Event\Event given, called in E:\wamp\www\cakephp326\vendor\cakephp\cakephp\src\Event\EventManager.php on line 386 and defined in [E:\wamp\www\cakephp326\src\Controller\UsersController.php, line 110]
Request URL: /cakephp326/users/view
Trace:
Cake\Error\BaseErrorHandler::handleError() - CORE\src\Error\BaseErrorHandler.php, line 146
App\Controller\UsersController::beforeFilter() - APP/Controller\UsersController.php, line 110
Cake\Event\EventManager::_callListener() - CORE\src\Event\EventManager.php, line 386
Cake\Event\EventManager::dispatch() - CORE\src\Event\EventManager.php, line 356
Cake\Controller\Controller::dispatchEvent() - CORE\src\Event\EventDispatcherTrait.php, line 78
Cake\Controller\Controller::startupProcess() - CORE\src\Controller\Controller.php, line 491
Cake\Routing\Dispatcher::_invoke() - CORE\src\Routing\Dispatcher.php, line 109
Cake\Routing\Dispatcher::dispatch() - CORE\src\Routing\Dispatcher.php, line 87
[main] - ROOT\webroot\index.php, line 37



2016-06-08 12:19:48 Error: [Cake\Datasource\Exception\InvalidPrimaryKeyException] Record not found in table "users" with primary key [NULL]
Request URL: /cakephp326/users/view
Stack Trace:
#0 E:\wamp\www\cakephp326\src\Controller\UsersController.php(38): Cake\ORM\Table->get(NULL, Array)
#1 [internal function]: App\Controller\UsersController->view()
#2 E:\wamp\www\cakephp326\vendor\cakephp\cakephp\src\Controller\Controller.php(429): call_user_func_array(Array, Array)
#3 E:\wamp\www\cakephp326\vendor\cakephp\cakephp\src\Routing\Dispatcher.php(114): Cake\Controller\Controller->invokeAction()
#4 E:\wamp\www\cakephp326\vendor\cakephp\cakephp\src\Routing\Dispatcher.php(87): Cake\Routing\Dispatcher->_invoke(Object(App\Controller\UsersController))
#5 E:\wamp\www\cakephp326\webroot\index.php(37): Cake\Routing\Dispatcher->dispatch(Object(Cake\Network\Request), Object(Cake\Network\Response))
#6 {main}


2016-06-08 12:29:55 Warning: Warning (4096): Argument 1 passed to App\Controller\UsersController::beforeFilter() must be an instance of App\Controller\Event, instance of Cake\Event\Event given, called in E:\wamp\www\cakephp326\vendor\cakephp\cakephp\src\Event\EventManager.php on line 386 and defined in [E:\wamp\www\cakephp326\src\Controller\UsersController.php, line 110]
Request URL: /cakephp326/users/view/
Trace:
Cake\Error\BaseErrorHandler::handleError() - CORE\src\Error\BaseErrorHandler.php, line 146
App\Controller\UsersController::beforeFilter() - APP/Controller\UsersController.php, line 110
Cake\Event\EventManager::_callListener() - CORE\src\Event\EventManager.php, line 386
Cake\Event\EventManager::dispatch() - CORE\src\Event\EventManager.php, line 356
Cake\Controller\Controller::dispatchEvent() - CORE\src\Event\EventDispatcherTrait.php, line 78
Cake\Controller\Controller::startupProcess() - CORE\src\Controller\Controller.php, line 491
Cake\Routing\Dispatcher::_invoke() - CORE\src\Routing\Dispatcher.php, line 109
Cake\Routing\Dispatcher::dispatch() - CORE\src\Routing\Dispatcher.php, line 87
[main] - ROOT\webroot\index.php, line 37



2016-06-08 12:29:55 Error: [Cake\Datasource\Exception\InvalidPrimaryKeyException] Record not found in table "users" with primary key [NULL]
Request URL: /cakephp326/users/view/
Stack Trace:
#0 E:\wamp\www\cakephp326\src\Controller\UsersController.php(38): Cake\ORM\Table->get(NULL, Array)
#1 [internal function]: App\Controller\UsersController->view()
#2 E:\wamp\www\cakephp326\vendor\cakephp\cakephp\src\Controller\Controller.php(429): call_user_func_array(Array, Array)
#3 E:\wamp\www\cakephp326\vendor\cakephp\cakephp\src\Routing\Dispatcher.php(114): Cake\Controller\Controller->invokeAction()
#4 E:\wamp\www\cakephp326\vendor\cakephp\cakephp\src\Routing\Dispatcher.php(87): Cake\Routing\Dispatcher->_invoke(Object(App\Controller\UsersController))
#5 E:\wamp\www\cakephp326\webroot\index.php(37): Cake\Routing\Dispatcher->dispatch(Object(Cake\Network\Request), Object(Cake\Network\Response))
#6 {main}


2016-06-08 12:29:56 Warning: Warning (4096): Argument 1 passed to App\Controller\UsersController::beforeFilter() must be an instance of App\Controller\Event, instance of Cake\Event\Event given, called in E:\wamp\www\cakephp326\vendor\cakephp\cakephp\src\Event\EventManager.php on line 386 and defined in [E:\wamp\www\cakephp326\src\Controller\UsersController.php, line 110]
Request URL: /cakephp326/users/view/
Trace:
Cake\Error\BaseErrorHandler::handleError() - CORE\src\Error\BaseErrorHandler.php, line 146
App\Controller\UsersController::beforeFilter() - APP/Controller\UsersController.php, line 110
Cake\Event\EventManager::_callListener() - CORE\src\Event\EventManager.php, line 386
Cake\Event\EventManager::dispatch() - CORE\src\Event\EventManager.php, line 356
Cake\Controller\Controller::dispatchEvent() - CORE\src\Event\EventDispatcherTrait.php, line 78
Cake\Controller\Controller::startupProcess() - CORE\src\Controller\Controller.php, line 491
Cake\Routing\Dispatcher::_invoke() - CORE\src\Routing\Dispatcher.php, line 109
Cake\Routing\Dispatcher::dispatch() - CORE\src\Routing\Dispatcher.php, line 87
[main] - ROOT\webroot\index.php, line 37



2016-06-08 12:29:56 Error: [Cake\Datasource\Exception\InvalidPrimaryKeyException] Record not found in table "users" with primary key [NULL]
Request URL: /cakephp326/users/view/
Stack Trace:
#0 E:\wamp\www\cakephp326\src\Controller\UsersController.php(38): Cake\ORM\Table->get(NULL, Array)
#1 [internal function]: App\Controller\UsersController->view()
#2 E:\wamp\www\cakephp326\vendor\cakephp\cakephp\src\Controller\Controller.php(429): call_user_func_array(Array, Array)
#3 E:\wamp\www\cakephp326\vendor\cakephp\cakephp\src\Routing\Dispatcher.php(114): Cake\Controller\Controller->invokeAction()
#4 E:\wamp\www\cakephp326\vendor\cakephp\cakephp\src\Routing\Dispatcher.php(87): Cake\Routing\Dispatcher->_invoke(Object(App\Controller\UsersController))
#5 E:\wamp\www\cakephp326\webroot\index.php(37): Cake\Routing\Dispatcher->dispatch(Object(Cake\Network\Request), Object(Cake\Network\Response))
#6 {main}


2016-06-08 12:31:19 Warning: Warning (4096): Argument 1 passed to App\Controller\UsersController::beforeFilter() must be an instance of App\Controller\Event, instance of Cake\Event\Event given, called in E:\wamp\www\cakephp326\vendor\cakephp\cakephp\src\Event\EventManager.php on line 386 and defined in [E:\wamp\www\cakephp326\src\Controller\UsersController.php, line 110]
Request URL: /cakephp326/users/login
Referer URL: http://localhost/cakephp326/users/login
Trace:
Cake\Error\BaseErrorHandler::handleError() - CORE\src\Error\BaseErrorHandler.php, line 146
App\Controller\UsersController::beforeFilter() - APP/Controller\UsersController.php, line 110
Cake\Event\EventManager::_callListener() - CORE\src\Event\EventManager.php, line 386
Cake\Event\EventManager::dispatch() - CORE\src\Event\EventManager.php, line 356
Cake\Controller\Controller::dispatchEvent() - CORE\src\Event\EventDispatcherTrait.php, line 78
Cake\Controller\Controller::startupProcess() - CORE\src\Controller\Controller.php, line 491
Cake\Routing\Dispatcher::_invoke() - CORE\src\Routing\Dispatcher.php, line 109
Cake\Routing\Dispatcher::dispatch() - CORE\src\Routing\Dispatcher.php, line 87
[main] - ROOT\webroot\index.php, line 37



2016-06-08 12:31:30 Warning: Warning (4096): Argument 1 passed to App\Controller\UsersController::beforeFilter() must be an instance of App\Controller\Event, instance of Cake\Event\Event given, called in E:\wamp\www\cakephp326\vendor\cakephp\cakephp\src\Event\EventManager.php on line 386 and defined in [E:\wamp\www\cakephp326\src\Controller\UsersController.php, line 110]
Request URL: /cakephp326/users/view/
Trace:
Cake\Error\BaseErrorHandler::handleError() - CORE\src\Error\BaseErrorHandler.php, line 146
App\Controller\UsersController::beforeFilter() - APP/Controller\UsersController.php, line 110
Cake\Event\EventManager::_callListener() - CORE\src\Event\EventManager.php, line 386
Cake\Event\EventManager::dispatch() - CORE\src\Event\EventManager.php, line 356
Cake\Controller\Controller::dispatchEvent() - CORE\src\Event\EventDispatcherTrait.php, line 78
Cake\Controller\Controller::startupProcess() - CORE\src\Controller\Controller.php, line 491
Cake\Routing\Dispatcher::_invoke() - CORE\src\Routing\Dispatcher.php, line 109
Cake\Routing\Dispatcher::dispatch() - CORE\src\Routing\Dispatcher.php, line 87
[main] - ROOT\webroot\index.php, line 37



2016-06-08 12:31:39 Warning: Warning (4096): Argument 1 passed to App\Controller\UsersController::beforeFilter() must be an instance of App\Controller\Event, instance of Cake\Event\Event given, called in E:\wamp\www\cakephp326\vendor\cakephp\cakephp\src\Event\EventManager.php on line 386 and defined in [E:\wamp\www\cakephp326\src\Controller\UsersController.php, line 110]
Request URL: /cakephp326/users/
Trace:
Cake\Error\BaseErrorHandler::handleError() - CORE\src\Error\BaseErrorHandler.php, line 146
App\Controller\UsersController::beforeFilter() - APP/Controller\UsersController.php, line 110
Cake\Event\EventManager::_callListener() - CORE\src\Event\EventManager.php, line 386
Cake\Event\EventManager::dispatch() - CORE\src\Event\EventManager.php, line 356
Cake\Controller\Controller::dispatchEvent() - CORE\src\Event\EventDispatcherTrait.php, line 78
Cake\Controller\Controller::startupProcess() - CORE\src\Controller\Controller.php, line 491
Cake\Routing\Dispatcher::_invoke() - CORE\src\Routing\Dispatcher.php, line 109
Cake\Routing\Dispatcher::dispatch() - CORE\src\Routing\Dispatcher.php, line 87
[main] - ROOT\webroot\index.php, line 37



2016-06-08 12:31:46 Warning: Warning (4096): Argument 1 passed to App\Controller\UsersController::beforeFilter() must be an instance of App\Controller\Event, instance of Cake\Event\Event given, called in E:\wamp\www\cakephp326\vendor\cakephp\cakephp\src\Event\EventManager.php on line 386 and defined in [E:\wamp\www\cakephp326\src\Controller\UsersController.php, line 110]
Request URL: /cakephp326/users/login
Trace:
Cake\Error\BaseErrorHandler::handleError() - CORE\src\Error\BaseErrorHandler.php, line 146
App\Controller\UsersController::beforeFilter() - APP/Controller\UsersController.php, line 110
Cake\Event\EventManager::_callListener() - CORE\src\Event\EventManager.php, line 386
Cake\Event\EventManager::dispatch() - CORE\src\Event\EventManager.php, line 356
Cake\Controller\Controller::dispatchEvent() - CORE\src\Event\EventDispatcherTrait.php, line 78
Cake\Controller\Controller::startupProcess() - CORE\src\Controller\Controller.php, line 491
Cake\Routing\Dispatcher::_invoke() - CORE\src\Routing\Dispatcher.php, line 109
Cake\Routing\Dispatcher::dispatch() - CORE\src\Routing\Dispatcher.php, line 87
[main] - ROOT\webroot\index.php, line 37



2016-06-08 12:31:47 Warning: Warning (4096): Argument 1 passed to App\Controller\UsersController::beforeFilter() must be an instance of App\Controller\Event, instance of Cake\Event\Event given, called in E:\wamp\www\cakephp326\vendor\cakephp\cakephp\src\Event\EventManager.php on line 386 and defined in [E:\wamp\www\cakephp326\src\Controller\UsersController.php, line 110]
Request URL: /cakephp326/users/login
Trace:
Cake\Error\BaseErrorHandler::handleError() - CORE\src\Error\BaseErrorHandler.php, line 146
App\Controller\UsersController::beforeFilter() - APP/Controller\UsersController.php, line 110
Cake\Event\EventManager::_callListener() - CORE\src\Event\EventManager.php, line 386
Cake\Event\EventManager::dispatch() - CORE\src\Event\EventManager.php, line 356
Cake\Controller\Controller::dispatchEvent() - CORE\src\Event\EventDispatcherTrait.php, line 78
Cake\Controller\Controller::startupProcess() - CORE\src\Controller\Controller.php, line 491
Cake\Routing\Dispatcher::_invoke() - CORE\src\Routing\Dispatcher.php, line 109
Cake\Routing\Dispatcher::dispatch() - CORE\src\Routing\Dispatcher.php, line 87
[main] - ROOT\webroot\index.php, line 37



2016-06-08 12:34:18 Error: [Cake\Routing\Exception\MissingControllerException] Controller class View could not be found.
Exception Attributes: array (
  'class' => 'View',
  'plugin' => NULL,
  'prefix' => NULL,
  '_ext' => NULL,
)
Request URL: /cakephp326/view/
Stack Trace:
#0 E:\wamp\www\cakephp326\webroot\index.php(37): Cake\Routing\Dispatcher->dispatch(Object(Cake\Network\Request), Object(Cake\Network\Response))
#1 {main}


2016-06-08 12:34:35 Warning: Warning (4096): Argument 1 passed to App\Controller\UsersController::beforeFilter() must be an instance of App\Controller\Event, instance of Cake\Event\Event given, called in E:\wamp\www\cakephp326\vendor\cakephp\cakephp\src\Event\EventManager.php on line 386 and defined in [E:\wamp\www\cakephp326\src\Controller\UsersController.php, line 110]
Request URL: /cakephp326/users/view/
Trace:
Cake\Error\BaseErrorHandler::handleError() - CORE\src\Error\BaseErrorHandler.php, line 146
App\Controller\UsersController::beforeFilter() - APP/Controller\UsersController.php, line 110
Cake\Event\EventManager::_callListener() - CORE\src\Event\EventManager.php, line 386
Cake\Event\EventManager::dispatch() - CORE\src\Event\EventManager.php, line 356
Cake\Controller\Controller::dispatchEvent() - CORE\src\Event\EventDispatcherTrait.php, line 78
Cake\Controller\Controller::startupProcess() - CORE\src\Controller\Controller.php, line 491
Cake\Routing\Dispatcher::_invoke() - CORE\src\Routing\Dispatcher.php, line 109
Cake\Routing\Dispatcher::dispatch() - CORE\src\Routing\Dispatcher.php, line 87
[main] - ROOT\webroot\index.php, line 37



2016-06-08 12:34:44 Warning: Warning (4096): Argument 1 passed to App\Controller\UsersController::beforeFilter() must be an instance of App\Controller\Event, instance of Cake\Event\Event given, called in E:\wamp\www\cakephp326\vendor\cakephp\cakephp\src\Event\EventManager.php on line 386 and defined in [E:\wamp\www\cakephp326\src\Controller\UsersController.php, line 110]
Request URL: /cakephp326/users/
Trace:
Cake\Error\BaseErrorHandler::handleError() - CORE\src\Error\BaseErrorHandler.php, line 146
App\Controller\UsersController::beforeFilter() - APP/Controller\UsersController.php, line 110
Cake\Event\EventManager::_callListener() - CORE\src\Event\EventManager.php, line 386
Cake\Event\EventManager::dispatch() - CORE\src\Event\EventManager.php, line 356
Cake\Controller\Controller::dispatchEvent() - CORE\src\Event\EventDispatcherTrait.php, line 78
Cake\Controller\Controller::startupProcess() - CORE\src\Controller\Controller.php, line 491
Cake\Routing\Dispatcher::_invoke() - CORE\src\Routing\Dispatcher.php, line 109
Cake\Routing\Dispatcher::dispatch() - CORE\src\Routing\Dispatcher.php, line 87
[main] - ROOT\webroot\index.php, line 37



2016-06-08 12:34:44 Warning: Warning (4096): Argument 1 passed to App\Controller\UsersController::beforeFilter() must be an instance of App\Controller\Event, instance of Cake\Event\Event given, called in E:\wamp\www\cakephp326\vendor\cakephp\cakephp\src\Event\EventManager.php on line 386 and defined in [E:\wamp\www\cakephp326\src\Controller\UsersController.php, line 110]
Request URL: /cakephp326/users/
Trace:
Cake\Error\BaseErrorHandler::handleError() - CORE\src\Error\BaseErrorHandler.php, line 146
App\Controller\UsersController::beforeFilter() - APP/Controller\UsersController.php, line 110
Cake\Event\EventManager::_callListener() - CORE\src\Event\EventManager.php, line 386
Cake\Event\EventManager::dispatch() - CORE\src\Event\EventManager.php, line 356
Cake\Controller\Controller::dispatchEvent() - CORE\src\Event\EventDispatcherTrait.php, line 78
Cake\Controller\Controller::startupProcess() - CORE\src\Controller\Controller.php, line 491
Cake\Routing\Dispatcher::_invoke() - CORE\src\Routing\Dispatcher.php, line 109
Cake\Routing\Dispatcher::dispatch() - CORE\src\Routing\Dispatcher.php, line 87
[main] - ROOT\webroot\index.php, line 37



2016-06-08 12:34:50 Warning: Warning (4096): Argument 1 passed to App\Controller\UsersController::beforeFilter() must be an instance of App\Controller\Event, instance of Cake\Event\Event given, called in E:\wamp\www\cakephp326\vendor\cakephp\cakephp\src\Event\EventManager.php on line 386 and defined in [E:\wamp\www\cakephp326\src\Controller\UsersController.php, line 110]
Request URL: /cakephp326/users/login/
Trace:
Cake\Error\BaseErrorHandler::handleError() - CORE\src\Error\BaseErrorHandler.php, line 146
App\Controller\UsersController::beforeFilter() - APP/Controller\UsersController.php, line 110
Cake\Event\EventManager::_callListener() - CORE\src\Event\EventManager.php, line 386
Cake\Event\EventManager::dispatch() - CORE\src\Event\EventManager.php, line 356
Cake\Controller\Controller::dispatchEvent() - CORE\src\Event\EventDispatcherTrait.php, line 78
Cake\Controller\Controller::startupProcess() - CORE\src\Controller\Controller.php, line 491
Cake\Routing\Dispatcher::_invoke() - CORE\src\Routing\Dispatcher.php, line 109
Cake\Routing\Dispatcher::dispatch() - CORE\src\Routing\Dispatcher.php, line 87
[main] - ROOT\webroot\index.php, line 37



2016-06-08 14:35:31 Warning: Warning (4096): Argument 1 passed to App\Controller\UsersController::beforeFilter() must be an instance of App\Controller\Event, instance of Cake\Event\Event given, called in E:\wamp\www\cakephp326\vendor\cakephp\cakephp\src\Event\EventManager.php on line 386 and defined in [E:\wamp\www\cakephp326\src\Controller\UsersController.php, line 110]
Request URL: /cakephp326/users/login/
Trace:
Cake\Error\BaseErrorHandler::handleError() - CORE\src\Error\BaseErrorHandler.php, line 146
App\Controller\UsersController::beforeFilter() - APP/Controller\UsersController.php, line 110
Cake\Event\EventManager::_callListener() - CORE\src\Event\EventManager.php, line 386
Cake\Event\EventManager::dispatch() - CORE\src\Event\EventManager.php, line 356
Cake\Controller\Controller::dispatchEvent() - CORE\src\Event\EventDispatcherTrait.php, line 78
Cake\Controller\Controller::startupProcess() - CORE\src\Controller\Controller.php, line 491
Cake\Routing\Dispatcher::_invoke() - CORE\src\Routing\Dispatcher.php, line 109
Cake\Routing\Dispatcher::dispatch() - CORE\src\Routing\Dispatcher.php, line 87
[main] - ROOT\webroot\index.php, line 37



2016-06-08 14:37:01 Warning: Warning (4096): Argument 1 passed to App\Controller\UsersController::beforeFilter() must be an instance of App\Controller\Event, instance of Cake\Event\Event given, called in E:\wamp\www\cakephp326\vendor\cakephp\cakephp\src\Event\EventManager.php on line 386 and defined in [E:\wamp\www\cakephp326\src\Controller\UsersController.php, line 110]
Request URL: /cakephp326/users/login
Trace:
Cake\Error\BaseErrorHandler::handleError() - CORE\src\Error\BaseErrorHandler.php, line 146
App\Controller\UsersController::beforeFilter() - APP/Controller\UsersController.php, line 110
Cake\Event\EventManager::_callListener() - CORE\src\Event\EventManager.php, line 386
Cake\Event\EventManager::dispatch() - CORE\src\Event\EventManager.php, line 356
Cake\Controller\Controller::dispatchEvent() - CORE\src\Event\EventDispatcherTrait.php, line 78
Cake\Controller\Controller::startupProcess() - CORE\src\Controller\Controller.php, line 491
Cake\Routing\Dispatcher::_invoke() - CORE\src\Routing\Dispatcher.php, line 109
Cake\Routing\Dispatcher::dispatch() - CORE\src\Routing\Dispatcher.php, line 87
[main] - ROOT\webroot\index.php, line 37



2016-06-08 14:37:02 Warning: Warning (4096): Argument 1 passed to App\Controller\UsersController::beforeFilter() must be an instance of App\Controller\Event, instance of Cake\Event\Event given, called in E:\wamp\www\cakephp326\vendor\cakephp\cakephp\src\Event\EventManager.php on line 386 and defined in [E:\wamp\www\cakephp326\src\Controller\UsersController.php, line 110]
Request URL: /cakephp326/users/login
Trace:
Cake\Error\BaseErrorHandler::handleError() - CORE\src\Error\BaseErrorHandler.php, line 146
App\Controller\UsersController::beforeFilter() - APP/Controller\UsersController.php, line 110
Cake\Event\EventManager::_callListener() - CORE\src\Event\EventManager.php, line 386
Cake\Event\EventManager::dispatch() - CORE\src\Event\EventManager.php, line 356
Cake\Controller\Controller::dispatchEvent() - CORE\src\Event\EventDispatcherTrait.php, line 78
Cake\Controller\Controller::startupProcess() - CORE\src\Controller\Controller.php, line 491
Cake\Routing\Dispatcher::_invoke() - CORE\src\Routing\Dispatcher.php, line 109
Cake\Routing\Dispatcher::dispatch() - CORE\src\Routing\Dispatcher.php, line 87
[main] - ROOT\webroot\index.php, line 37



2016-06-08 14:37:16 Warning: Warning (4096): Argument 1 passed to App\Controller\UsersController::beforeFilter() must be an instance of App\Controller\Event, instance of Cake\Event\Event given, called in E:\wamp\www\cakephp326\vendor\cakephp\cakephp\src\Event\EventManager.php on line 386 and defined in [E:\wamp\www\cakephp326\src\Controller\UsersController.php, line 110]
Request URL: /cakephp326/users/login
Referer URL: http://localhost/cakephp326/users/login
Trace:
Cake\Error\BaseErrorHandler::handleError() - CORE\src\Error\BaseErrorHandler.php, line 146
App\Controller\UsersController::beforeFilter() - APP/Controller\UsersController.php, line 110
Cake\Event\EventManager::_callListener() - CORE\src\Event\EventManager.php, line 386
Cake\Event\EventManager::dispatch() - CORE\src\Event\EventManager.php, line 356
Cake\Controller\Controller::dispatchEvent() - CORE\src\Event\EventDispatcherTrait.php, line 78
Cake\Controller\Controller::startupProcess() - CORE\src\Controller\Controller.php, line 491
Cake\Routing\Dispatcher::_invoke() - CORE\src\Routing\Dispatcher.php, line 109
Cake\Routing\Dispatcher::dispatch() - CORE\src\Routing\Dispatcher.php, line 87
[main] - ROOT\webroot\index.php, line 37



2016-06-08 14:37:58 Warning: Warning (4096): Argument 1 passed to App\Controller\UsersController::beforeFilter() must be an instance of App\Controller\Event, instance of Cake\Event\Event given, called in E:\wamp\www\cakephp326\vendor\cakephp\cakephp\src\Event\EventManager.php on line 386 and defined in [E:\wamp\www\cakephp326\src\Controller\UsersController.php, line 110]
Request URL: /cakephp326/users/login/
Referer URL: http://localhost/cakephp326/users/login/
Trace:
Cake\Error\BaseErrorHandler::handleError() - CORE\src\Error\BaseErrorHandler.php, line 146
App\Controller\UsersController::beforeFilter() - APP/Controller\UsersController.php, line 110
Cake\Event\EventManager::_callListener() - CORE\src\Event\EventManager.php, line 386
Cake\Event\EventManager::dispatch() - CORE\src\Event\EventManager.php, line 356
Cake\Controller\Controller::dispatchEvent() - CORE\src\Event\EventDispatcherTrait.php, line 78
Cake\Controller\Controller::startupProcess() - CORE\src\Controller\Controller.php, line 491
Cake\Routing\Dispatcher::_invoke() - CORE\src\Routing\Dispatcher.php, line 109
Cake\Routing\Dispatcher::dispatch() - CORE\src\Routing\Dispatcher.php, line 87
[main] - ROOT\webroot\index.php, line 37



2016-06-08 14:38:29 Warning: Warning (4096): Argument 1 passed to App\Controller\UsersController::beforeFilter() must be an instance of App\Controller\Event, instance of Cake\Event\Event given, called in E:\wamp\www\cakephp326\vendor\cakephp\cakephp\src\Event\EventManager.php on line 386 and defined in [E:\wamp\www\cakephp326\src\Controller\UsersController.php, line 110]
Request URL: /cakephp326/users/login/
Referer URL: http://localhost/cakephp326/users/login/
Trace:
Cake\Error\BaseErrorHandler::handleError() - CORE\src\Error\BaseErrorHandler.php, line 146
App\Controller\UsersController::beforeFilter() - APP/Controller\UsersController.php, line 110
Cake\Event\EventManager::_callListener() - CORE\src\Event\EventManager.php, line 386
Cake\Event\EventManager::dispatch() - CORE\src\Event\EventManager.php, line 356
Cake\Controller\Controller::dispatchEvent() - CORE\src\Event\EventDispatcherTrait.php, line 78
Cake\Controller\Controller::startupProcess() - CORE\src\Controller\Controller.php, line 491
Cake\Routing\Dispatcher::_invoke() - CORE\src\Routing\Dispatcher.php, line 109
Cake\Routing\Dispatcher::dispatch() - CORE\src\Routing\Dispatcher.php, line 87
[main] - ROOT\webroot\index.php, line 37



2016-06-08 14:39:41 Warning: Warning (4096): Argument 1 passed to App\Controller\UsersController::beforeFilter() must be an instance of App\Controller\Event, instance of Cake\Event\Event given, called in E:\wamp\www\cakephp326\vendor\cakephp\cakephp\src\Event\EventManager.php on line 386 and defined in [E:\wamp\www\cakephp326\src\Controller\UsersController.php, line 110]
Request URL: /cakephp326/users/login
Referer URL: http://localhost/cakephp326/users/login
Trace:
Cake\Error\BaseErrorHandler::handleError() - CORE\src\Error\BaseErrorHandler.php, line 146
App\Controller\UsersController::beforeFilter() - APP/Controller\UsersController.php, line 110
Cake\Event\EventManager::_callListener() - CORE\src\Event\EventManager.php, line 386
Cake\Event\EventManager::dispatch() - CORE\src\Event\EventManager.php, line 356
Cake\Controller\Controller::dispatchEvent() - CORE\src\Event\EventDispatcherTrait.php, line 78
Cake\Controller\Controller::startupProcess() - CORE\src\Controller\Controller.php, line 491
Cake\Routing\Dispatcher::_invoke() - CORE\src\Routing\Dispatcher.php, line 109
Cake\Routing\Dispatcher::dispatch() - CORE\src\Routing\Dispatcher.php, line 87
[main] - ROOT\webroot\index.php, line 37



2016-06-08 14:49:11 Error: Fatal Error (1): Class 'App\Model\Entity\DefaultPasswordHasher' not found in [E:\wamp\www\cakephp326\src\Model\Entity\User.php, line 39]
Request URL: /cakephp326/users/add
Referer URL: http://localhost/cakephp326/users/add
Trace:
Cake\Error\BaseErrorHandler::handleFatalError() - CORE\src\Error\BaseErrorHandler.php, line 215
Cake\Error\BaseErrorHandler::Cake\Error\{closure}() - CORE\src\Error\BaseErrorHandler.php, line 98
[main] - [internal], line ??



2016-06-08 14:49:11 Error: [Cake\Error\FatalErrorException] Class 'App\Model\Entity\DefaultPasswordHasher' not found
Request URL: /cakephp326/users/add
Referer URL: http://localhost/cakephp326/users/add
Stack Trace:
#0 E:\wamp\www\cakephp326\vendor\cakephp\cakephp\src\Error\BaseErrorHandler.php(98): Cake\Error\BaseErrorHandler->handleFatalError(1, 'Class 'App\\Mode...', 'E:\\wamp\\www\\cak...', 39)
#1 [internal function]: Cake\Error\BaseErrorHandler->Cake\Error\{closure}()
#2 {main}


2016-06-08 15:00:36 Error: Fatal Error (1): Class 'App\Model\Entity\DefaultPasswordHasher' not found in [E:\wamp\www\cakephp326\src\Model\Entity\User.php, line 39]
Request URL: /cakephp326/users/add/
Referer URL: http://localhost/cakephp326/users/add/
Trace:
Cake\Error\BaseErrorHandler::handleFatalError() - CORE\src\Error\BaseErrorHandler.php, line 215
Cake\Error\BaseErrorHandler::Cake\Error\{closure}() - CORE\src\Error\BaseErrorHandler.php, line 98
[main] - [internal], line ??



2016-06-08 15:00:36 Error: [Cake\Error\FatalErrorException] Class 'App\Model\Entity\DefaultPasswordHasher' not found
Request URL: /cakephp326/users/add/
Referer URL: http://localhost/cakephp326/users/add/
Stack Trace:
#0 E:\wamp\www\cakephp326\vendor\cakephp\cakephp\src\Error\BaseErrorHandler.php(98): Cake\Error\BaseErrorHandler->handleFatalError(1, 'Class 'App\\Mode...', 'E:\\wamp\\www\\cak...', 39)
#1 [internal function]: Cake\Error\BaseErrorHandler->Cake\Error\{closure}()
#2 {main}


2016-06-08 15:04:23 Error: Fatal Error (1): Call to a member function identify() on a non-object in [E:\wamp\www\cakephp326\src\Controller\UsersController.php, line 124]
Request URL: /cakephp326/users/login/
Referer URL: http://localhost/cakephp326/users/login/
Trace:
Cake\Error\BaseErrorHandler::handleFatalError() - CORE\src\Error\BaseErrorHandler.php, line 215
Cake\Error\BaseErrorHandler::Cake\Error\{closure}() - CORE\src\Error\BaseErrorHandler.php, line 98
[main] - [internal], line ??



2016-06-08 15:04:23 Error: [Cake\Error\FatalErrorException] Call to a member function identify() on a non-object
Request URL: /cakephp326/users/login/
Referer URL: http://localhost/cakephp326/users/login/
Stack Trace:
#0 E:\wamp\www\cakephp326\vendor\cakephp\cakephp\src\Error\BaseErrorHandler.php(98): Cake\Error\BaseErrorHandler->handleFatalError(1, 'Call to a membe...', 'E:\\wamp\\www\\cak...', 124)
#1 [internal function]: Cake\Error\BaseErrorHandler->Cake\Error\{closure}()
#2 {main}


2016-06-08 15:07:19 Error: Fatal Error (1): Call to a member function identify() on a non-object in [E:\wamp\www\cakephp326\src\Controller\UsersController.php, line 124]
Request URL: /cakephp326/users/login
Referer URL: http://localhost/cakephp326/users/login
Trace:
Cake\Error\BaseErrorHandler::handleFatalError() - CORE\src\Error\BaseErrorHandler.php, line 215
Cake\Error\BaseErrorHandler::Cake\Error\{closure}() - CORE\src\Error\BaseErrorHandler.php, line 98
[main] - [internal], line ??



2016-06-08 15:07:19 Error: [Cake\Error\FatalErrorException] Call to a member function identify() on a non-object
Request URL: /cakephp326/users/login
Referer URL: http://localhost/cakephp326/users/login
Stack Trace:
#0 E:\wamp\www\cakephp326\vendor\cakephp\cakephp\src\Error\BaseErrorHandler.php(98): Cake\Error\BaseErrorHandler->handleFatalError(1, 'Call to a membe...', 'E:\\wamp\\www\\cak...', 124)
#1 [internal function]: Cake\Error\BaseErrorHandler->Cake\Error\{closure}()
#2 {main}


2016-06-08 15:07:30 Error: Fatal Error (1): Call to a member function identify() on a non-object in [E:\wamp\www\cakephp326\src\Controller\UsersController.php, line 124]
Request URL: /cakephp326/users/login
Referer URL: http://localhost/cakephp326/users/login
Trace:
Cake\Error\BaseErrorHandler::handleFatalError() - CORE\src\Error\BaseErrorHandler.php, line 215
Cake\Error\BaseErrorHandler::Cake\Error\{closure}() - CORE\src\Error\BaseErrorHandler.php, line 98
[main] - [internal], line ??



2016-06-08 15:07:31 Error: [Cake\Error\FatalErrorException] Call to a member function identify() on a non-object
Request URL: /cakephp326/users/login
Referer URL: http://localhost/cakephp326/users/login
Stack Trace:
#0 E:\wamp\www\cakephp326\vendor\cakephp\cakephp\src\Error\BaseErrorHandler.php(98): Cake\Error\BaseErrorHandler->handleFatalError(1, 'Call to a membe...', 'E:\\wamp\\www\\cak...', 124)
#1 [internal function]: Cake\Error\BaseErrorHandler->Cake\Error\{closure}()
#2 {main}


2016-06-08 15:07:54 Error: Fatal Error (1): Call to a member function identify() on a non-object in [E:\wamp\www\cakephp326\src\Controller\UsersController.php, line 124]
Request URL: /cakephp326/users/login/
Referer URL: http://localhost/cakephp326/users/login/
Trace:
Cake\Error\BaseErrorHandler::handleFatalError() - CORE\src\Error\BaseErrorHandler.php, line 215
Cake\Error\BaseErrorHandler::Cake\Error\{closure}() - CORE\src\Error\BaseErrorHandler.php, line 98
[main] - [internal], line ??



2016-06-08 15:07:55 Error: [Cake\Error\FatalErrorException] Call to a member function identify() on a non-object
Request URL: /cakephp326/users/login/
Referer URL: http://localhost/cakephp326/users/login/
Stack Trace:
#0 E:\wamp\www\cakephp326\vendor\cakephp\cakephp\src\Error\BaseErrorHandler.php(98): Cake\Error\BaseErrorHandler->handleFatalError(1, 'Call to a membe...', 'E:\\wamp\\www\\cak...', 124)
#1 [internal function]: Cake\Error\BaseErrorHandler->Cake\Error\{closure}()
#2 {main}


2016-06-10 13:26:05 Error: Fatal Error (1): Call to a member function identify() on a non-object in [E:\wamp\www\cakephp326\src\Controller\UsersController.php, line 124]
Request URL: /cakephp326/users/login/
Referer URL: http://localhost/cakephp326/users/login/
Trace:
Cake\Error\BaseErrorHandler::handleFatalError() - CORE\src\Error\BaseErrorHandler.php, line 215
Cake\Error\BaseErrorHandler::Cake\Error\{closure}() - CORE\src\Error\BaseErrorHandler.php, line 98
[main] - [internal], line ??



2016-06-10 13:26:05 Error: [Cake\Error\FatalErrorException] Call to a member function identify() on a non-object
Request URL: /cakephp326/users/login/
Referer URL: http://localhost/cakephp326/users/login/
Stack Trace:
#0 E:\wamp\www\cakephp326\vendor\cakephp\cakephp\src\Error\BaseErrorHandler.php(98): Cake\Error\BaseErrorHandler->handleFatalError(1, 'Call to a membe...', 'E:\\wamp\\www\\cak...', 124)
#1 [internal function]: Cake\Error\BaseErrorHandler->Cake\Error\{closure}()
#2 {main}


2016-06-10 14:18:51 Error: Fatal Error (1): Call to a member function identify() on a non-object in [E:\wamp\www\cakephp326\src\Controller\UsersController.php, line 124]
Request URL: /cakephp326/users/login/
Referer URL: http://localhost/cakephp326/users/login/
Trace:
Cake\Error\BaseErrorHandler::handleFatalError() - CORE\src\Error\BaseErrorHandler.php, line 215
Cake\Error\BaseErrorHandler::Cake\Error\{closure}() - CORE\src\Error\BaseErrorHandler.php, line 98
[main] - [internal], line ??



2016-06-10 14:18:51 Error: [Cake\Error\FatalErrorException] Call to a member function identify() on a non-object
Request URL: /cakephp326/users/login/
Referer URL: http://localhost/cakephp326/users/login/
Stack Trace:
#0 E:\wamp\www\cakephp326\vendor\cakephp\cakephp\src\Error\BaseErrorHandler.php(98): Cake\Error\BaseErrorHandler->handleFatalError(1, 'Call to a membe...', 'E:\\wamp\\www\\cak...', 124)
#1 [internal function]: Cake\Error\BaseErrorHandler->Cake\Error\{closure}()
#2 {main}


2016-06-14 08:48:08 Error: [Cake\Routing\Exception\MissingControllerException] Controller class Login could not be found.
Exception Attributes: array (
  'class' => 'Login',
  'plugin' => NULL,
  'prefix' => NULL,
  '_ext' => NULL,
)
Request URL: /cakephp326/login/
Stack Trace:
#0 E:\wamp\www\cakephp326\webroot\index.php(37): Cake\Routing\Dispatcher->dispatch(Object(Cake\Network\Request), Object(Cake\Network\Response))
#1 {main}


2016-06-14 08:50:23 Error: [Cake\Routing\Exception\MissingControllerException] Controller class Login could not be found.
Exception Attributes: array (
  'class' => 'Login',
  'plugin' => NULL,
  'prefix' => NULL,
  '_ext' => NULL,
)
Request URL: /cakephp326/login/
Stack Trace:
#0 E:\wamp\www\cakephp326\webroot\index.php(37): Cake\Routing\Dispatcher->dispatch(Object(Cake\Network\Request), Object(Cake\Network\Response))
#1 {main}


2016-06-14 08:50:45 Error: Fatal Error (1): Call to a member function identify() on a non-object in [E:\wamp\www\cakephp326\src\Controller\UsersController.php, line 124]
Request URL: /cakephp326/users/login/
Referer URL: http://localhost/cakephp326/users/login/
Trace:
Cake\Error\BaseErrorHandler::handleFatalError() - CORE\src\Error\BaseErrorHandler.php, line 215
Cake\Error\BaseErrorHandler::Cake\Error\{closure}() - CORE\src\Error\BaseErrorHandler.php, line 98
[main] - [internal], line ??



2016-06-14 08:50:45 Error: [Cake\Error\FatalErrorException] Call to a member function identify() on a non-object
Request URL: /cakephp326/users/login/
Referer URL: http://localhost/cakephp326/users/login/
Stack Trace:
#0 E:\wamp\www\cakephp326\vendor\cakephp\cakephp\src\Error\BaseErrorHandler.php(98): Cake\Error\BaseErrorHandler->handleFatalError(1, 'Call to a membe...', 'E:\\wamp\\www\\cak...', 124)
#1 [internal function]: Cake\Error\BaseErrorHandler->Cake\Error\{closure}()
#2 {main}


2016-06-14 09:51:37 Error: Fatal Error (1): Call to a member function identify() on a non-object in [E:\wamp\www\cakephp326\src\Controller\UsersController.php, line 124]
Request URL: /cakephp326/users/login/
Referer URL: http://localhost/cakephp326/users/login/
Trace:
Cake\Error\BaseErrorHandler::handleFatalError() - CORE\src\Error\BaseErrorHandler.php, line 215
Cake\Error\BaseErrorHandler::Cake\Error\{closure}() - CORE\src\Error\BaseErrorHandler.php, line 98
[main] - [internal], line ??



2016-06-14 09:51:38 Error: [Cake\Error\FatalErrorException] Call to a member function identify() on a non-object
Request URL: /cakephp326/users/login/
Referer URL: http://localhost/cakephp326/users/login/
Stack Trace:
#0 E:\wamp\www\cakephp326\vendor\cakephp\cakephp\src\Error\BaseErrorHandler.php(98): Cake\Error\BaseErrorHandler->handleFatalError(1, 'Call to a membe...', 'E:\\wamp\\www\\cak...', 124)
#1 [internal function]: Cake\Error\BaseErrorHandler->Cake\Error\{closure}()
#2 {main}


2016-06-14 10:41:55 Error: [Cake\Routing\Exception\MissingControllerException] Controller class Articles could not be found.
Exception Attributes: array (
  'class' => 'Articles',
  'plugin' => NULL,
  'prefix' => NULL,
  '_ext' => NULL,
)
Request URL: /cakephp326/articles
Referer URL: http://localhost/cakephp326/users/login/
Stack Trace:
#0 E:\wamp\www\cakephp326\webroot\index.php(37): Cake\Routing\Dispatcher->dispatch(Object(Cake\Network\Request), Object(Cake\Network\Response))
#1 {main}


2016-06-14 10:44:40 Error: [Cake\Routing\Exception\MissingControllerException] Controller class Login could not be found.
Exception Attributes: array (
  'class' => 'Login',
  'plugin' => NULL,
  'prefix' => NULL,
  '_ext' => NULL,
)
Request URL: /cakephp326/login/
Stack Trace:
#0 E:\wamp\www\cakephp326\webroot\index.php(37): Cake\Routing\Dispatcher->dispatch(Object(Cake\Network\Request), Object(Cake\Network\Response))
#1 {main}


2016-06-14 10:44:56 Error: [Cake\Routing\Exception\MissingControllerException] Controller class Login could not be found.
Exception Attributes: array (
  'class' => 'Login',
  'plugin' => NULL,
  'prefix' => NULL,
  '_ext' => NULL,
)
Request URL: /cakephp326/login/
Stack Trace:
#0 E:\wamp\www\cakephp326\webroot\index.php(37): Cake\Routing\Dispatcher->dispatch(Object(Cake\Network\Request), Object(Cake\Network\Response))
#1 {main}


2016-06-14 10:50:20 Error: [Cake\Routing\Exception\MissingControllerException] Controller class Articles could not be found.
Exception Attributes: array (
  'class' => 'Articles',
  'plugin' => NULL,
  'prefix' => NULL,
  '_ext' => NULL,
)
Request URL: /cakephp326/articles
Referer URL: http://localhost/cakephp326/users/login/
Stack Trace:
#0 E:\wamp\www\cakephp326\webroot\index.php(37): Cake\Routing\Dispatcher->dispatch(Object(Cake\Network\Request), Object(Cake\Network\Response))
#1 {main}


2016-06-14 10:58:03 Error: [Cake\Routing\Exception\MissingControllerException] Controller class Logout could not be found.
Exception Attributes: array (
  'class' => 'Logout',
  'plugin' => NULL,
  'prefix' => NULL,
  '_ext' => NULL,
)
Request URL: /cakephp326/logout/
Stack Trace:
#0 E:\wamp\www\cakephp326\webroot\index.php(37): Cake\Routing\Dispatcher->dispatch(Object(Cake\Network\Request), Object(Cake\Network\Response))
#1 {main}


2016-06-14 10:59:03 Error: [Cake\Controller\Exception\MissingActionException] Action UsersController::logot() could not be found, or is not accessible.
Exception Attributes: array (
  'controller' => 'UsersController',
  'action' => 'logot',
  'prefix' => '',
  'plugin' => NULL,
)
Request URL: /cakephp326/users/logot
Stack Trace:
#0 E:\wamp\www\cakephp326\vendor\cakephp\cakephp\src\Routing\Dispatcher.php(114): Cake\Controller\Controller->invokeAction()
#1 E:\wamp\www\cakephp326\vendor\cakephp\cakephp\src\Routing\Dispatcher.php(87): Cake\Routing\Dispatcher->_invoke(Object(App\Controller\UsersController))
#2 E:\wamp\www\cakephp326\webroot\index.php(37): Cake\Routing\Dispatcher->dispatch(Object(Cake\Network\Request), Object(Cake\Network\Response))
#3 {main}


2016-06-14 11:06:18 Warning: Warning (4096): Argument 1 passed to App\Controller\UsersController::beforeFilter() must be an instance of App\Controller\Event, instance of Cake\Event\Event given, called in E:\wamp\www\cakephp326\vendor\cakephp\cakephp\src\Event\EventManager.php on line 386 and defined in [E:\wamp\www\cakephp326\src\Controller\UsersController.php, line 110]
Request URL: /cakephp326/users/
Trace:
Cake\Error\BaseErrorHandler::handleError() - CORE\src\Error\BaseErrorHandler.php, line 146
App\Controller\UsersController::beforeFilter() - APP/Controller\UsersController.php, line 110
Cake\Event\EventManager::_callListener() - CORE\src\Event\EventManager.php, line 386
Cake\Event\EventManager::dispatch() - CORE\src\Event\EventManager.php, line 356
Cake\Controller\Controller::dispatchEvent() - CORE\src\Event\EventDispatcherTrait.php, line 78
Cake\Controller\Controller::startupProcess() - CORE\src\Controller\Controller.php, line 491
Cake\Routing\Dispatcher::_invoke() - CORE\src\Routing\Dispatcher.php, line 109
Cake\Routing\Dispatcher::dispatch() - CORE\src\Routing\Dispatcher.php, line 87
[main] - ROOT\webroot\index.php, line 37



2016-06-14 11:06:31 Warning: Warning (4096): Argument 1 passed to App\Controller\UsersController::beforeFilter() must be an instance of App\Controller\Event, instance of Cake\Event\Event given, called in E:\wamp\www\cakephp326\vendor\cakephp\cakephp\src\Event\EventManager.php on line 386 and defined in [E:\wamp\www\cakephp326\src\Controller\UsersController.php, line 110]
Request URL: /cakephp326/users/
Trace:
Cake\Error\BaseErrorHandler::handleError() - CORE\src\Error\BaseErrorHandler.php, line 146
App\Controller\UsersController::beforeFilter() - APP/Controller\UsersController.php, line 110
Cake\Event\EventManager::_callListener() - CORE\src\Event\EventManager.php, line 386
Cake\Event\EventManager::dispatch() - CORE\src\Event\EventManager.php, line 356
Cake\Controller\Controller::dispatchEvent() - CORE\src\Event\EventDispatcherTrait.php, line 78
Cake\Controller\Controller::startupProcess() - CORE\src\Controller\Controller.php, line 491
Cake\Routing\Dispatcher::_invoke() - CORE\src\Routing\Dispatcher.php, line 109
Cake\Routing\Dispatcher::dispatch() - CORE\src\Routing\Dispatcher.php, line 87
[main] - ROOT\webroot\index.php, line 37



2016-06-14 11:08:00 Warning: Warning (4096): Argument 1 passed to App\Controller\UsersController::beforeFilter() must be an instance of App\Controller\Event, instance of Cake\Event\Event given, called in E:\wamp\www\cakephp326\vendor\cakephp\cakephp\src\Event\EventManager.php on line 386 and defined in [E:\wamp\www\cakephp326\src\Controller\UsersController.php, line 110]
Request URL: /cakephp326/users/login
Trace:
Cake\Error\BaseErrorHandler::handleError() - CORE\src\Error\BaseErrorHandler.php, line 146
App\Controller\UsersController::beforeFilter() - APP/Controller\UsersController.php, line 110
Cake\Event\EventManager::_callListener() - CORE\src\Event\EventManager.php, line 386
Cake\Event\EventManager::dispatch() - CORE\src\Event\EventManager.php, line 356
Cake\Controller\Controller::dispatchEvent() - CORE\src\Event\EventDispatcherTrait.php, line 78
Cake\Controller\Controller::startupProcess() - CORE\src\Controller\Controller.php, line 491
Cake\Routing\Dispatcher::_invoke() - CORE\src\Routing\Dispatcher.php, line 109
Cake\Routing\Dispatcher::dispatch() - CORE\src\Routing\Dispatcher.php, line 87
[main] - ROOT\webroot\index.php, line 37



2016-06-14 11:08:36 Error: [Cake\Routing\Exception\MissingControllerException] Controller class Logout could not be found.
Exception Attributes: array (
  'class' => 'Logout',
  'plugin' => NULL,
  'prefix' => NULL,
  '_ext' => NULL,
)
Request URL: /cakephp326/logout/
Stack Trace:
#0 E:\wamp\www\cakephp326\webroot\index.php(37): Cake\Routing\Dispatcher->dispatch(Object(Cake\Network\Request), Object(Cake\Network\Response))
#1 {main}


2016-06-14 11:08:58 Error: [Cake\Routing\Exception\MissingControllerException] Controller class Logout could not be found.
Exception Attributes: array (
  'class' => 'Logout',
  'plugin' => NULL,
  'prefix' => NULL,
  '_ext' => NULL,
)
Request URL: /cakephp326/logout/
Stack Trace:
#0 E:\wamp\www\cakephp326\webroot\index.php(37): Cake\Routing\Dispatcher->dispatch(Object(Cake\Network\Request), Object(Cake\Network\Response))
#1 {main}


2016-06-14 11:09:30 Warning: Warning (4096): Argument 1 passed to App\Controller\UsersController::beforeFilter() must be an instance of App\Controller\Event, instance of Cake\Event\Event given, called in E:\wamp\www\cakephp326\vendor\cakephp\cakephp\src\Event\EventManager.php on line 386 and defined in [E:\wamp\www\cakephp326\src\Controller\UsersController.php, line 110]
Request URL: /cakephp326/users/logout/
Trace:
Cake\Error\BaseErrorHandler::handleError() - CORE\src\Error\BaseErrorHandler.php, line 146
App\Controller\UsersController::beforeFilter() - APP/Controller\UsersController.php, line 110
Cake\Event\EventManager::_callListener() - CORE\src\Event\EventManager.php, line 386
Cake\Event\EventManager::dispatch() - CORE\src\Event\EventManager.php, line 356
Cake\Controller\Controller::dispatchEvent() - CORE\src\Event\EventDispatcherTrait.php, line 78
Cake\Controller\Controller::startupProcess() - CORE\src\Controller\Controller.php, line 491
Cake\Routing\Dispatcher::_invoke() - CORE\src\Routing\Dispatcher.php, line 109
Cake\Routing\Dispatcher::dispatch() - CORE\src\Routing\Dispatcher.php, line 87
[main] - ROOT\webroot\index.php, line 37



2016-06-14 11:09:30 Warning: Warning (2): Cannot modify header information - headers already sent by (output started at E:\wamp\www\cakephp326\vendor\cakephp\cakephp\src\Error\Debugger.php:746) in [E:\wamp\www\cakephp326\vendor\cakephp\cakephp\src\Network\Session.php, line 573]
Request URL: /cakephp326/users/logout/
Trace:
Cake\Error\BaseErrorHandler::handleError() - CORE\src\Error\BaseErrorHandler.php, line 146
setcookie - [internal], line ??
Cake\Network\Session::renew() - CORE\src\Network\Session.php, line 573
Cake\Auth\Storage\SessionStorage::delete() - CORE\src\Auth\Storage\SessionStorage.php, line 117
Cake\Controller\Component\AuthComponent::logout() - CORE\src\Controller\Component\AuthComponent.php, line 652
App\Controller\UsersController::logout() - APP/Controller\UsersController.php, line 135
Cake\Controller\Controller::invokeAction() - CORE\src\Controller\Controller.php, line 429
Cake\Routing\Dispatcher::_invoke() - CORE\src\Routing\Dispatcher.php, line 114
Cake\Routing\Dispatcher::dispatch() - CORE\src\Routing\Dispatcher.php, line 87
[main] - ROOT\webroot\index.php, line 37



2016-06-14 11:23:31 Warning: Warning (4096): Argument 1 passed to App\Controller\UsersController::beforeFilter() must be an instance of App\Controller\Event, instance of Cake\Event\Event given, called in E:\wamp\www\cakephp326\vendor\cakephp\cakephp\src\Event\EventManager.php on line 386 and defined in [E:\wamp\www\cakephp326\src\Controller\UsersController.php, line 110]
Request URL: /cakephp326/users/login/
Trace:
Cake\Error\BaseErrorHandler::handleError() - CORE\src\Error\BaseErrorHandler.php, line 146
App\Controller\UsersController::beforeFilter() - APP/Controller\UsersController.php, line 110
Cake\Event\EventManager::_callListener() - CORE\src\Event\EventManager.php, line 386
Cake\Event\EventManager::dispatch() - CORE\src\Event\EventManager.php, line 356
Cake\Controller\Controller::dispatchEvent() - CORE\src\Event\EventDispatcherTrait.php, line 78
Cake\Controller\Controller::startupProcess() - CORE\src\Controller\Controller.php, line 491
Cake\Routing\Dispatcher::_invoke() - CORE\src\Routing\Dispatcher.php, line 109
Cake\Routing\Dispatcher::dispatch() - CORE\src\Routing\Dispatcher.php, line 87
[main] - ROOT\webroot\index.php, line 37



2016-06-14 11:23:32 Warning: Warning (4096): Argument 1 passed to App\Controller\UsersController::beforeFilter() must be an instance of App\Controller\Event, instance of Cake\Event\Event given, called in E:\wamp\www\cakephp326\vendor\cakephp\cakephp\src\Event\EventManager.php on line 386 and defined in [E:\wamp\www\cakephp326\src\Controller\UsersController.php, line 110]
Request URL: /cakephp326/users/login/
Trace:
Cake\Error\BaseErrorHandler::handleError() - CORE\src\Error\BaseErrorHandler.php, line 146
App\Controller\UsersController::beforeFilter() - APP/Controller\UsersController.php, line 110
Cake\Event\EventManager::_callListener() - CORE\src\Event\EventManager.php, line 386
Cake\Event\EventManager::dispatch() - CORE\src\Event\EventManager.php, line 356
Cake\Controller\Controller::dispatchEvent() - CORE\src\Event\EventDispatcherTrait.php, line 78
Cake\Controller\Controller::startupProcess() - CORE\src\Controller\Controller.php, line 491
Cake\Routing\Dispatcher::_invoke() - CORE\src\Routing\Dispatcher.php, line 109
Cake\Routing\Dispatcher::dispatch() - CORE\src\Routing\Dispatcher.php, line 87
[main] - ROOT\webroot\index.php, line 37



2016-06-14 11:23:52 Warning: Warning (4096): Argument 1 passed to App\Controller\UsersController::beforeFilter() must be an instance of App\Controller\Event, instance of Cake\Event\Event given, called in E:\wamp\www\cakephp326\vendor\cakephp\cakephp\src\Event\EventManager.php on line 386 and defined in [E:\wamp\www\cakephp326\src\Controller\UsersController.php, line 110]
Request URL: /cakephp326/users/logout/
Trace:
Cake\Error\BaseErrorHandler::handleError() - CORE\src\Error\BaseErrorHandler.php, line 146
App\Controller\UsersController::beforeFilter() - APP/Controller\UsersController.php, line 110
Cake\Event\EventManager::_callListener() - CORE\src\Event\EventManager.php, line 386
Cake\Event\EventManager::dispatch() - CORE\src\Event\EventManager.php, line 356
Cake\Controller\Controller::dispatchEvent() - CORE\src\Event\EventDispatcherTrait.php, line 78
Cake\Controller\Controller::startupProcess() - CORE\src\Controller\Controller.php, line 491
Cake\Routing\Dispatcher::_invoke() - CORE\src\Routing\Dispatcher.php, line 109
Cake\Routing\Dispatcher::dispatch() - CORE\src\Routing\Dispatcher.php, line 87
[main] - ROOT\webroot\index.php, line 37



2016-06-14 11:23:52 Warning: Warning (2): Cannot modify header information - headers already sent by (output started at E:\wamp\www\cakephp326\vendor\cakephp\cakephp\src\Error\Debugger.php:746) in [E:\wamp\www\cakephp326\vendor\cakephp\cakephp\src\Network\Session.php, line 573]
Request URL: /cakephp326/users/logout/
Trace:
Cake\Error\BaseErrorHandler::handleError() - CORE\src\Error\BaseErrorHandler.php, line 146
setcookie - [internal], line ??
Cake\Network\Session::renew() - CORE\src\Network\Session.php, line 573
Cake\Auth\Storage\SessionStorage::delete() - CORE\src\Auth\Storage\SessionStorage.php, line 117
Cake\Controller\Component\AuthComponent::logout() - CORE\src\Controller\Component\AuthComponent.php, line 652
App\Controller\UsersController::logout() - APP/Controller\UsersController.php, line 135
Cake\Controller\Controller::invokeAction() - CORE\src\Controller\Controller.php, line 429
Cake\Routing\Dispatcher::_invoke() - CORE\src\Routing\Dispatcher.php, line 114
Cake\Routing\Dispatcher::dispatch() - CORE\src\Routing\Dispatcher.php, line 87
[main] - ROOT\webroot\index.php, line 37



2016-06-14 11:43:37 Warning: Warning (4096): Argument 1 passed to App\Controller\UsersController::beforeFilter() must be an instance of App\Controller\Event, instance of Cake\Event\Event given, called in E:\wamp\www\cakephp326\vendor\cakephp\cakephp\src\Event\EventManager.php on line 386 and defined in [E:\wamp\www\cakephp326\src\Controller\UsersController.php, line 110]
Request URL: /cakephp326/users/login
Trace:
Cake\Error\BaseErrorHandler::handleError() - CORE\src\Error\BaseErrorHandler.php, line 146
App\Controller\UsersController::beforeFilter() - APP/Controller\UsersController.php, line 110
Cake\Event\EventManager::_callListener() - CORE\src\Event\EventManager.php, line 386
Cake\Event\EventManager::dispatch() - CORE\src\Event\EventManager.php, line 356
Cake\Controller\Controller::dispatchEvent() - CORE\src\Event\EventDispatcherTrait.php, line 78
Cake\Controller\Controller::startupProcess() - CORE\src\Controller\Controller.php, line 491
Cake\Routing\Dispatcher::_invoke() - CORE\src\Routing\Dispatcher.php, line 109
Cake\Routing\Dispatcher::dispatch() - CORE\src\Routing\Dispatcher.php, line 87
[main] - ROOT\webroot\index.php, line 37



2016-06-14 11:43:42 Warning: Warning (4096): Argument 1 passed to App\Controller\UsersController::beforeFilter() must be an instance of App\Controller\Event, instance of Cake\Event\Event given, called in E:\wamp\www\cakephp326\vendor\cakephp\cakephp\src\Event\EventManager.php on line 386 and defined in [E:\wamp\www\cakephp326\src\Controller\UsersController.php, line 110]
Request URL: /cakephp326/users/
Trace:
Cake\Error\BaseErrorHandler::handleError() - CORE\src\Error\BaseErrorHandler.php, line 146
App\Controller\UsersController::beforeFilter() - APP/Controller\UsersController.php, line 110
Cake\Event\EventManager::_callListener() - CORE\src\Event\EventManager.php, line 386
Cake\Event\EventManager::dispatch() - CORE\src\Event\EventManager.php, line 356
Cake\Controller\Controller::dispatchEvent() - CORE\src\Event\EventDispatcherTrait.php, line 78
Cake\Controller\Controller::startupProcess() - CORE\src\Controller\Controller.php, line 491
Cake\Routing\Dispatcher::_invoke() - CORE\src\Routing\Dispatcher.php, line 109
Cake\Routing\Dispatcher::dispatch() - CORE\src\Routing\Dispatcher.php, line 87
[main] - ROOT\webroot\index.php, line 37



2016-06-15 10:03:46 Error: [Cake\Datasource\Exception\InvalidPrimaryKeyException] Record not found in table "users" with primary key [NULL]
Request URL: /cakephp326/users/view
Stack Trace:
#0 E:\wamp\www\cakephp326\src\Controller\UsersController.php(39): Cake\ORM\Table->get(NULL, Array)
#1 [internal function]: App\Controller\UsersController->view()
#2 E:\wamp\www\cakephp326\vendor\cakephp\cakephp\src\Controller\Controller.php(429): call_user_func_array(Array, Array)
#3 E:\wamp\www\cakephp326\vendor\cakephp\cakephp\src\Routing\Dispatcher.php(114): Cake\Controller\Controller->invokeAction()
#4 E:\wamp\www\cakephp326\vendor\cakephp\cakephp\src\Routing\Dispatcher.php(87): Cake\Routing\Dispatcher->_invoke(Object(App\Controller\UsersController))
#5 E:\wamp\www\cakephp326\webroot\index.php(37): Cake\Routing\Dispatcher->dispatch(Object(Cake\Network\Request), Object(Cake\Network\Response))
#6 {main}


2016-06-15 10:06:04 Error: [Cake\Controller\Exception\MissingActionException] Action UsersController::changePassword() could not be found, or is not accessible.
Exception Attributes: array (
  'controller' => 'UsersController',
  'action' => 'changePassword',
  'prefix' => '',
  'plugin' => NULL,
)
Request URL: /cakephp326/users/change-password
Referer URL: http://localhost/cakephp326/users/
Stack Trace:
#0 E:\wamp\www\cakephp326\vendor\cakephp\cakephp\src\Routing\Dispatcher.php(114): Cake\Controller\Controller->invokeAction()
#1 E:\wamp\www\cakephp326\vendor\cakephp\cakephp\src\Routing\Dispatcher.php(87): Cake\Routing\Dispatcher->_invoke(Object(App\Controller\UsersController))
#2 E:\wamp\www\cakephp326\webroot\index.php(37): Cake\Routing\Dispatcher->dispatch(Object(Cake\Network\Request), Object(Cake\Network\Response))
#3 {main}


2016-06-15 10:06:44 Error: [Cake\View\Exception\MissingTemplateException] Template file "Users\change_password.ctp" is missing.
Exception Attributes: array (
  'file' => 'Users\\change_password.ctp',
)
Request URL: /cakephp326/users/change-password
Referer URL: http://localhost/cakephp326/users/
Stack Trace:
#0 E:\wamp\www\cakephp326\vendor\cakephp\cakephp\src\View\View.php(584): Cake\View\View->_getViewFileName(NULL)
#1 E:\wamp\www\cakephp326\vendor\cakephp\cakephp\src\Controller\Controller.php(611): Cake\View\View->render(NULL, NULL)
#2 E:\wamp\www\cakephp326\vendor\cakephp\cakephp\src\Routing\Dispatcher.php(120): Cake\Controller\Controller->render()
#3 E:\wamp\www\cakephp326\vendor\cakephp\cakephp\src\Routing\Dispatcher.php(87): Cake\Routing\Dispatcher->_invoke(Object(App\Controller\UsersController))
#4 E:\wamp\www\cakephp326\webroot\index.php(37): Cake\Routing\Dispatcher->dispatch(Object(Cake\Network\Request), Object(Cake\Network\Response))
#5 {main}


2016-06-15 10:28:01 Error: [Cake\Datasource\Exception\InvalidPrimaryKeyException] Record not found in table "users" with primary key [NULL]
Request URL: /cakephp326/users/change-password
Referer URL: http://localhost/cakephp326/users/
Stack Trace:
#0 E:\wamp\www\cakephp326\src\Controller\UsersController.php(145): Cake\ORM\Table->get(NULL, Array)
#1 [internal function]: App\Controller\UsersController->changePassword()
#2 E:\wamp\www\cakephp326\vendor\cakephp\cakephp\src\Controller\Controller.php(429): call_user_func_array(Array, Array)
#3 E:\wamp\www\cakephp326\vendor\cakephp\cakephp\src\Routing\Dispatcher.php(114): Cake\Controller\Controller->invokeAction()
#4 E:\wamp\www\cakephp326\vendor\cakephp\cakephp\src\Routing\Dispatcher.php(87): Cake\Routing\Dispatcher->_invoke(Object(App\Controller\UsersController))
#5 E:\wamp\www\cakephp326\webroot\index.php(37): Cake\Routing\Dispatcher->dispatch(Object(Cake\Network\Request), Object(Cake\Network\Response))
#6 {main}


2016-06-15 10:30:46 Error: Fatal Error (4): syntax error, unexpected '-', expecting '(' in [E:\wamp\www\cakephp326\src\Controller\UsersController.php, line 140]
Request URL: /cakephp326/users/
Trace:
Cake\Error\BaseErrorHandler::handleFatalError() - CORE\src\Error\BaseErrorHandler.php, line 215
Cake\Error\BaseErrorHandler::Cake\Error\{closure}() - CORE\src\Error\BaseErrorHandler.php, line 98
[main] - [internal], line ??



2016-06-15 10:30:47 Error: [Cake\Error\FatalErrorException] syntax error, unexpected '-', expecting '('
Request URL: /cakephp326/users/
Stack Trace:
#0 E:\wamp\www\cakephp326\vendor\cakephp\cakephp\src\Error\BaseErrorHandler.php(98): Cake\Error\BaseErrorHandler->handleFatalError(4, 'syntax error, u...', 'E:\\wamp\\www\\cak...', 140)
#1 [internal function]: Cake\Error\BaseErrorHandler->Cake\Error\{closure}()
#2 {main}


2016-06-15 10:47:18 Error: [Cake\View\Exception\MissingTemplateException] Template file "Users\change_password.ctp" is missing.
Exception Attributes: array (
  'file' => 'Users\\change_password.ctp',
)
Request URL: /cakephp326/users/change-password/6
Referer URL: http://localhost/cakephp326/users/
Stack Trace:
#0 E:\wamp\www\cakephp326\vendor\cakephp\cakephp\src\View\View.php(584): Cake\View\View->_getViewFileName(NULL)
#1 E:\wamp\www\cakephp326\vendor\cakephp\cakephp\src\Controller\Controller.php(611): Cake\View\View->render(NULL, NULL)
#2 E:\wamp\www\cakephp326\vendor\cakephp\cakephp\src\Routing\Dispatcher.php(120): Cake\Controller\Controller->render()
#3 E:\wamp\www\cakephp326\vendor\cakephp\cakephp\src\Routing\Dispatcher.php(87): Cake\Routing\Dispatcher->_invoke(Object(App\Controller\UsersController))
#4 E:\wamp\www\cakephp326\webroot\index.php(37): Cake\Routing\Dispatcher->dispatch(Object(Cake\Network\Request), Object(Cake\Network\Response))
#5 {main}


2016-06-15 10:47:32 Error: [Cake\View\Exception\MissingTemplateException] Template file "Users\change_password.ctp" is missing.
Exception Attributes: array (
  'file' => 'Users\\change_password.ctp',
)
Request URL: /cakephp326/users/changePassword/6
Stack Trace:
#0 E:\wamp\www\cakephp326\vendor\cakephp\cakephp\src\View\View.php(584): Cake\View\View->_getViewFileName(NULL)
#1 E:\wamp\www\cakephp326\vendor\cakephp\cakephp\src\Controller\Controller.php(611): Cake\View\View->render(NULL, NULL)
#2 E:\wamp\www\cakephp326\vendor\cakephp\cakephp\src\Routing\Dispatcher.php(120): Cake\Controller\Controller->render()
#3 E:\wamp\www\cakephp326\vendor\cakephp\cakephp\src\Routing\Dispatcher.php(87): Cake\Routing\Dispatcher->_invoke(Object(App\Controller\UsersController))
#4 E:\wamp\www\cakephp326\webroot\index.php(37): Cake\Routing\Dispatcher->dispatch(Object(Cake\Network\Request), Object(Cake\Network\Response))
#5 {main}


2016-06-15 11:28:54 Error: [Cake\Routing\Exception\MissingControllerException] Controller class Login could not be found.
Exception Attributes: array (
  'class' => 'Login',
  'plugin' => NULL,
  'prefix' => NULL,
  '_ext' => NULL,
)
Request URL: /cakephp326/login/
Stack Trace:
#0 E:\wamp\www\cakephp326\webroot\index.php(37): Cake\Routing\Dispatcher->dispatch(Object(Cake\Network\Request), Object(Cake\Network\Response))
#1 {main}


2016-07-28 14:24:13 Warning: Warning (2): session_destroy(): Session object destruction failed in [E:\wamp\www\cakephp326\vendor\cakephp\cakephp\src\Network\Session.php, line 517]
Request URL: /cakephp326/
Trace:
Cake\Error\BaseErrorHandler::handleError() - CORE\src\Error\BaseErrorHandler.php, line 146
session_destroy - [internal], line ??
Cake\Network\Session::destroy() - CORE\src\Network\Session.php, line 517
Cake\Network\Session::start() - CORE\src\Network\Session.php, line 331
Cake\Network\Session::read() - CORE\src\Network\Session.php, line 385
Cake\Auth\Storage\SessionStorage::read() - CORE\src\Auth\Storage\SessionStorage.php, line 85
Cake\Controller\Component\AuthComponent::user() - CORE\src\Controller\Component\AuthComponent.php, line 665
Cake\Controller\Component\AuthComponent::_getUser() - CORE\src\Controller\Component\AuthComponent.php, line 687
Cake\Controller\Component\AuthComponent::authCheck() - CORE\src\Controller\Component\AuthComponent.php, line 292
Cake\Controller\Component\AuthComponent::startup() - CORE\src\Controller\Component\AuthComponent.php, line 258
Cake\Event\EventManager::_callListener() - CORE\src\Event\EventManager.php, line 386
Cake\Event\EventManager::dispatch() - CORE\src\Event\EventManager.php, line 356
Cake\Controller\Controller::dispatchEvent() - CORE\src\Event\EventDispatcherTrait.php, line 78
Cake\Controller\Controller::startupProcess() - CORE\src\Controller\Controller.php, line 495
Cake\Routing\Dispatcher::_invoke() - CORE\src\Routing\Dispatcher.php, line 109
Cake\Routing\Dispatcher::dispatch() - CORE\src\Routing\Dispatcher.php, line 87
[main] - ROOT\webroot\index.php, line 37



2016-08-08 09:15:30 Error: [Cake\Routing\Exception\MissingControllerException] Controller class Login could not be found.
Exception Attributes: array (
  'class' => 'Login',
  'plugin' => NULL,
  'prefix' => NULL,
  '_ext' => NULL,
)
Request URL: /cakephp326/login/
Stack Trace:
#0 E:\wamp\www\cakephp326\webroot\index.php(37): Cake\Routing\Dispatcher->dispatch(Object(Cake\Network\Request), Object(Cake\Network\Response))
#1 {main}


2016-08-08 09:20:30 Error: [Cake\Controller\Exception\MissingActionException] Action UsersController::register() could not be found, or is not accessible.
Exception Attributes: array (
  'controller' => 'UsersController',
  'action' => 'register',
  'prefix' => '',
  'plugin' => NULL,
)
Request URL: /cakephp326/users/register/
Stack Trace:
#0 E:\wamp\www\cakephp326\vendor\cakephp\cakephp\src\Routing\Dispatcher.php(114): Cake\Controller\Controller->invokeAction()
#1 E:\wamp\www\cakephp326\vendor\cakephp\cakephp\src\Routing\Dispatcher.php(87): Cake\Routing\Dispatcher->_invoke(Object(App\Controller\UsersController))
#2 E:\wamp\www\cakephp326\webroot\index.php(37): Cake\Routing\Dispatcher->dispatch(Object(Cake\Network\Request), Object(Cake\Network\Response))
#3 {main}


2016-08-08 09:28:04 Error: [Cake\Routing\Exception\MissingControllerException] Controller class Add could not be found.
Exception Attributes: array (
  'class' => 'Add',
  'plugin' => NULL,
  'prefix' => NULL,
  '_ext' => NULL,
)
Request URL: /cakephp326/add/
Stack Trace:
#0 E:\wamp\www\cakephp326\webroot\index.php(37): Cake\Routing\Dispatcher->dispatch(Object(Cake\Network\Request), Object(Cake\Network\Response))
#1 {main}


2016-08-08 09:42:49 Error: [Cake\Controller\Exception\MissingActionException] Action UsersController::users() could not be found, or is not accessible.
Exception Attributes: array (
  'controller' => 'UsersController',
  'action' => 'users',
  'prefix' => '',
  'plugin' => NULL,
)
Request URL: /cakephp326/users/users/add
Referer URL: http://localhost/cakephp326/users/add/
Stack Trace:
#0 E:\wamp\www\cakephp326\vendor\cakephp\cakephp\src\Routing\Dispatcher.php(114): Cake\Controller\Controller->invokeAction()
#1 E:\wamp\www\cakephp326\vendor\cakephp\cakephp\src\Routing\Dispatcher.php(87): Cake\Routing\Dispatcher->_invoke(Object(App\Controller\UsersController))
#2 E:\wamp\www\cakephp326\webroot\index.php(37): Cake\Routing\Dispatcher->dispatch(Object(Cake\Network\Request), Object(Cake\Network\Response))
#3 {main}


